Using pre-set license
Built from '2022.3/staging' branch; Version is '2022.3.40f1 (cbdda657d2f0) revision 13360550'; Using compiler version '192829333'; Build Type 'Release'
OS: 'Windows 10  (10.0.19045) 64bit Professional' Language: 'ko' Physical Memory: 32720 MB
BatchMode: 1, IsHumanControllingUs: 0, StartBugReporterOnCrash: 0, Is64bit: 1, IsPro: 1

COMMAND LINE ARGUMENTS:
C:\Program Files\Unity\Hub\Editor\2022.3.40f1\Editor\Unity.exe
-adb2
-batchMode
-noUpm
-name
AssetImportWorker4
-projectPath
D:/Soccer-Rush/Soccer-Rush
-logFile
Logs/AssetImportWorker4.log
-srvPort
2348
Successfully changed project path to: D:/Soccer-Rush/Soccer-Rush
D:/Soccer-Rush/Soccer-Rush
[UnityMemory] Configuration Parameters - Can be set up in boot.config
    "memorysetup-bucket-allocator-granularity=16"
    "memorysetup-bucket-allocator-bucket-count=8"
    "memorysetup-bucket-allocator-block-size=33554432"
    "memorysetup-bucket-allocator-block-count=8"
    "memorysetup-main-allocator-block-size=16777216"
    "memorysetup-thread-allocator-block-size=16777216"
    "memorysetup-gfx-main-allocator-block-size=16777216"
    "memorysetup-gfx-thread-allocator-block-size=16777216"
    "memorysetup-cache-allocator-block-size=4194304"
    "memorysetup-typetree-allocator-block-size=2097152"
    "memorysetup-profiler-bucket-allocator-granularity=16"
    "memorysetup-profiler-bucket-allocator-bucket-count=8"
    "memorysetup-profiler-bucket-allocator-block-size=33554432"
    "memorysetup-profiler-bucket-allocator-block-count=8"
    "memorysetup-profiler-allocator-block-size=16777216"
    "memorysetup-profiler-editor-allocator-block-size=1048576"
    "memorysetup-temp-allocator-size-main=16777216"
    "memorysetup-job-temp-allocator-block-size=2097152"
    "memorysetup-job-temp-allocator-block-size-background=1048576"
    "memorysetup-job-temp-allocator-reduction-small-platforms=262144"
    "memorysetup-allocator-temp-initial-block-size-main=262144"
    "memorysetup-allocator-temp-initial-block-size-worker=262144"
    "memorysetup-temp-allocator-size-background-worker=32768"
    "memorysetup-temp-allocator-size-job-worker=262144"
    "memorysetup-temp-allocator-size-preload-manager=33554432"
    "memorysetup-temp-allocator-size-nav-mesh-worker=65536"
    "memorysetup-temp-allocator-size-audio-worker=65536"
    "memorysetup-temp-allocator-size-cloud-worker=32768"
    "memorysetup-temp-allocator-size-gi-baking-worker=262144"
    "memorysetup-temp-allocator-size-gfx=262144"
Player connection [19876]  Target information:

Player connection [19876]  * "[IP] 210.218.158.64 [Port] 0 [Flags] 2 [Guid] 1100189852 [EditorId] 1100189852 [Version] 1048832 [Id] WindowsEditor(7,DESKTOP-CTGB9VO) [Debug] 1 [PackageName] WindowsEditor [ProjectName] Editor" 

Player connection [19876]  * "[IP] 192.168.56.1 [Port] 0 [Flags] 2 [Guid] 1100189852 [EditorId] 1100189852 [Version] 1048832 [Id] WindowsEditor(7,DESKTOP-CTGB9VO) [Debug] 1 [PackageName] WindowsEditor [ProjectName] Editor" 

Player connection [19876] Host joined multi-casting on [225.0.0.222:54997]...
Player connection [19876] Host joined alternative multi-casting on [225.0.0.222:34997]...
[PhysX] Initialized MultithreadedTaskDispatcher with 8 workers.
Refreshing native plugins compatible for Editor in 19.95 ms, found 3 plugins.
Preloading 0 native plugins for Editor in 0.00 ms.
Initialize engine version: 2022.3.40f1 (cbdda657d2f0)
[Subsystems] Discovering subsystems at path C:/Program Files/Unity/Hub/Editor/2022.3.40f1/Editor/Data/Resources/UnitySubsystems
[Subsystems] Discovering subsystems at path D:/Soccer-Rush/Soccer-Rush/Assets
GfxDevice: creating device client; threaded=0; jobified=0
Direct3D:
    Version:  Direct3D 11.0 [level 11.1]
    Renderer: NVIDIA GeForce RTX 2070 SUPER (ID=0x1e84)
    Vendor:   NVIDIA
    VRAM:     7989 MB
    Driver:   32.0.15.6094
Initialize mono
Mono path[0] = 'C:/Program Files/Unity/Hub/Editor/2022.3.40f1/Editor/Data/Managed'
Mono path[1] = 'C:/Program Files/Unity/Hub/Editor/2022.3.40f1/Editor/Data/MonoBleedingEdge/lib/mono/unityjit-win32'
Mono config path = 'C:/Program Files/Unity/Hub/Editor/2022.3.40f1/Editor/Data/MonoBleedingEdge/etc'
Using monoOptions --debugger-agent=transport=dt_socket,embedding=1,server=y,suspend=n,address=127.0.0.1:56524
Begin MonoManager ReloadAssembly
Registering precompiled unity dll's ...
Register platform support module: C:/Program Files/Unity/Hub/Editor/2022.3.40f1/Editor/Data/PlaybackEngines/WebGLSupport/UnityEditor.WebGL.Extensions.dll
Register platform support module: C:/Program Files/Unity/Hub/Editor/2022.3.40f1/Editor/Data/PlaybackEngines/AndroidPlayer/UnityEditor.Android.Extensions.dll
Register platform support module: C:/Program Files/Unity/Hub/Editor/2022.3.40f1/Editor/Data/PlaybackEngines/WindowsStandaloneSupport/UnityEditor.WindowsStandalone.Extensions.dll
Registered in 0.039308 seconds.
- Loaded All Assemblies, in  0.588 seconds
Native extension for WindowsStandalone target not found
Native extension for Android target not found
Android Extension - Scanning For ADB Devices 2889 ms
Native extension for WebGL target not found
Mono: successfully reloaded assembly
- Finished resetting the current domain, in  3.308 seconds
Domain Reload Profiling: 3888ms
	BeginReloadAssembly (182ms)
		ExecutionOrderSort (0ms)
		DisableScriptedObjects (0ms)
		BackupInstance (0ms)
		ReleaseScriptingObjects (0ms)
		CreateAndSetChildDomain (1ms)
	RebuildCommonClasses (46ms)
	RebuildNativeTypeToScriptingClass (13ms)
	initialDomainReloadingComplete (124ms)
	LoadAllAssembliesAndSetupDomain (216ms)
		LoadAssemblies (178ms)
		RebuildTransferFunctionScriptingTraits (0ms)
		AnalyzeDomain (210ms)
			TypeCache.Refresh (208ms)
				TypeCache.ScanAssembly (191ms)
			ScanForSourceGeneratedMonoScriptInfo (0ms)
			ResolveRequiredComponents (1ms)
	FinalizeReload (3308ms)
		ReleaseScriptCaches (0ms)
		RebuildScriptCaches (0ms)
		SetupLoadedEditorAssemblies (3253ms)
			LogAssemblyErrors (0ms)
			InitializePlatformSupportModulesInManaged (3043ms)
			SetLoadedEditorAssemblies (4ms)
			RefreshPlugins (0ms)
			BeforeProcessingInitializeOnLoad (3ms)
			ProcessInitializeOnLoadAttributes (136ms)
			ProcessInitializeOnLoadMethodAttributes (67ms)
			AfterProcessingInitializeOnLoad (0ms)
			EditorAssembliesLoaded (0ms)
		ExecutionOrderSort2 (0ms)
		AwakeInstancesAfterBackupRestoration (0ms)
========================================================================
Worker process is ready to serve import requests
Caller must complete domain reload
Begin MonoManager ReloadAssembly
- Loaded All Assemblies, in  0.946 seconds
Native extension for WindowsStandalone target not found
Native extension for Android target not found
Native extension for WebGL target not found
Mono: successfully reloaded assembly
Package Manager log level set to [2]
[Package Manager] Server::EnsureServerProcessIsRunning -- launch failed, reason: Unity was launched with the -noUpm command-line argument
[Package Manager] UpmClient::Send -- Unable to send message (not connected to UPM process).
[Package Manager] Cannot connect to Unity Package Manager local server
[Package Manager] Server::EnsureServerProcessIsRunning -- launch failed, reason: Unity was launched with the -noUpm command-line argument
[Package Manager] UpmClient::Send -- Unable to send message (not connected to UPM process).
[Package Manager] Cannot connect to Unity Package Manager local server
- Finished resetting the current domain, in  0.945 seconds
Domain Reload Profiling: 1884ms
	BeginReloadAssembly (238ms)
		ExecutionOrderSort (0ms)
		DisableScriptedObjects (6ms)
		BackupInstance (0ms)
		ReleaseScriptingObjects (0ms)
		CreateAndSetChildDomain (29ms)
	RebuildCommonClasses (46ms)
	RebuildNativeTypeToScriptingClass (14ms)
	initialDomainReloadingComplete (71ms)
	LoadAllAssembliesAndSetupDomain (570ms)
		LoadAssemblies (508ms)
		RebuildTransferFunctionScriptingTraits (0ms)
		AnalyzeDomain (219ms)
			TypeCache.Refresh (187ms)
				TypeCache.ScanAssembly (166ms)
			ScanForSourceGeneratedMonoScriptInfo (24ms)
			ResolveRequiredComponents (7ms)
	FinalizeReload (946ms)
		ReleaseScriptCaches (0ms)
		RebuildScriptCaches (0ms)
		SetupLoadedEditorAssemblies (747ms)
			LogAssemblyErrors (0ms)
			InitializePlatformSupportModulesInManaged (49ms)
			SetLoadedEditorAssemblies (4ms)
			RefreshPlugins (0ms)
			BeforeProcessingInitializeOnLoad (120ms)
			ProcessInitializeOnLoadAttributes (521ms)
			ProcessInitializeOnLoadMethodAttributes (25ms)
			AfterProcessingInitializeOnLoad (26ms)
			EditorAssembliesLoaded (0ms)
		ExecutionOrderSort2 (0ms)
		AwakeInstancesAfterBackupRestoration (15ms)
Launched and connected shader compiler UnityShaderCompiler.exe after 0.10 seconds
Refreshing native plugins compatible for Editor in 8.92 ms, found 3 plugins.
Preloading 0 native plugins for Editor in 0.00 ms.
Unloading 3804 Unused Serialized files (Serialized files now loaded: 0)
Unloading 32 unused Assets / (166.7 KB). Loaded Objects now: 4275.
Memory consumption went from 150.9 MB to 150.7 MB.
Total: 5.670800 ms (FindLiveObjects: 0.398000 ms CreateObjectMapping: 0.298400 ms MarkObjects: 4.808300 ms  DeleteObjects: 0.164300 ms)

AssetImportParameters requested are different than current active one (requested -> active):
  custom:container-demuxer-ogg: 62fdf1f143b41e24485cea50d1cbac27 -> 
  custom:video-decoder-ogg-theora: a1e56fd34408186e4bbccfd4996cb3dc -> 
  custom:framework-win-MediaFoundation: 216162199b28c13a410421893ffa2e32 -> 
  custom:CustomObjectIndexerAttribute: 9a22284fe3817be447336de3de66b15e -> 
  custom:container-demuxer-webm: 4f35f7cbe854078d1ac9338744f61a02 -> 
  custom:container-muxer-webm: aa71ff27fc2769a1b78a27578f13a17b -> 
  custom:video-decoder-webm-vp8: 9c59270c3fd7afecdb556c50c9e8de78 -> 
  custom:SearchIndexIgnoredProperties: e643bd26f0fe6173181afceb89e7c659 -> 
  custom:AudioImporter_EditorPlatform: d09bf68614088b80899f8185d706f6e7 -> 
  custom:video-encoder-webm-vp8: eb34c28f22e8b96e1ab97ce403110664 -> 
  custom:audio-decoder-ogg-vorbis: bf7c407c2cedff20999df2af8eb42d56 -> 
  custom:audio-encoder-webm-vorbis: bf7c407c2cedff20999df2af8eb42d56 -> 
========================================================================
Received Import Request.
  Time since last request: 5067.864795 seconds.
  path: Assets/RyulAsset/UI/GUI Pro Kit - Casual Game/PNG/Sprite/Component/Button/Btn_MainButton_Blue.Png
  artifactKey: Guid(6c3205830f5ff5b4aa5fe815fabc03bf) Importer(815301076,1909f56bfc062723c751e8b465ee728b)
Start importing Assets/RyulAsset/UI/GUI Pro Kit - Casual Game/PNG/Sprite/Component/Button/Btn_MainButton_Blue.Png using Guid(6c3205830f5ff5b4aa5fe815fabc03bf) Importer(815301076,1909f56bfc062723c751e8b465ee728b) [PhysX] Initialized MultithreadedTaskDispatcher with 8 workers.
[PhysX] Initialized MultithreadedTaskDispatcher with 8 workers.
 -> (artifact id: '713a0610fb87483bd71eb53544d54c3c') in 0.118447 seconds
Number of updated asset objects reloaded before import = 0
Number of asset objects unloaded after import = 3
========================================================================
Received Import Request.
  Time since last request: 14.173033 seconds.
  path: Assets/RyulAsset/UI/GUI Pro Kit - Casual Game/PNG/Sprite/Component/Button/Btn_MainButton_Blue.Png
  artifactKey: Guid(6c3205830f5ff5b4aa5fe815fabc03bf) Importer(815301076,1909f56bfc062723c751e8b465ee728b)
Start importing Assets/RyulAsset/UI/GUI Pro Kit - Casual Game/PNG/Sprite/Component/Button/Btn_MainButton_Blue.Png using Guid(6c3205830f5ff5b4aa5fe815fabc03bf) Importer(815301076,1909f56bfc062723c751e8b465ee728b) [PhysX] Initialized MultithreadedTaskDispatcher with 8 workers.
[PhysX] Initialized MultithreadedTaskDispatcher with 8 workers.
 -> (artifact id: 'dfde331f29318fed9b2a1b3361cbca8a') in 0.018666 seconds
Number of updated asset objects reloaded before import = 0
Number of asset objects unloaded after import = 3
========================================================================
Received Import Request.
  Time since last request: 68.419915 seconds.
  path: Assets/RyulAsset/UI/GUI Pro Kit - Casual Game/PNG/Sprite/Demo/Demo_Icon/Icon_ImageIcon_Badge.png
  artifactKey: Guid(ab2099920670a7347b42ebae195d2557) Importer(815301076,1909f56bfc062723c751e8b465ee728b)
Start importing Assets/RyulAsset/UI/GUI Pro Kit - Casual Game/PNG/Sprite/Demo/Demo_Icon/Icon_ImageIcon_Badge.png using Guid(ab2099920670a7347b42ebae195d2557) Importer(815301076,1909f56bfc062723c751e8b465ee728b) [PhysX] Initialized MultithreadedTaskDispatcher with 8 workers.
[PhysX] Initialized MultithreadedTaskDispatcher with 8 workers.
 -> (artifact id: 'c6521b78ac32c71e4960daa582cfac30') in 0.016324 seconds
Number of updated asset objects reloaded before import = 0
Number of asset objects unloaded after import = 3
========================================================================
Received Import Request.
  Time since last request: 0.015572 seconds.
  path: Assets/RyulAsset/UI/GUI Pro Kit - Casual Game/PNG/Sprite/Demo/Demo_Icon/Icon_ImageIcon_Badge_Popular.png
  artifactKey: Guid(e6a222d02c7c2b24fb900e40d1bf0d90) Importer(815301076,1909f56bfc062723c751e8b465ee728b)
Start importing Assets/RyulAsset/UI/GUI Pro Kit - Casual Game/PNG/Sprite/Demo/Demo_Icon/Icon_ImageIcon_Badge_Popular.png using Guid(e6a222d02c7c2b24fb900e40d1bf0d90) Importer(815301076,1909f56bfc062723c751e8b465ee728b) [PhysX] Initialized MultithreadedTaskDispatcher with 8 workers.
[PhysX] Initialized MultithreadedTaskDispatcher with 8 workers.
 -> (artifact id: '16a9479d2553d48c896703375232a53c') in 0.016270 seconds
Number of updated asset objects reloaded before import = 0
Number of asset objects unloaded after import = 3
========================================================================
Received Import Request.
  Time since last request: 0.017423 seconds.
  path: Assets/RyulAsset/UI/GUI Pro Kit - Casual Game/PNG/Sprite/Demo/Demo_Icon/Icon_ImageIcon_Clan.png
  artifactKey: Guid(0f96fa2ea38fdf640b0d07611ffa79da) Importer(815301076,1909f56bfc062723c751e8b465ee728b)
Start importing Assets/RyulAsset/UI/GUI Pro Kit - Casual Game/PNG/Sprite/Demo/Demo_Icon/Icon_ImageIcon_Clan.png using Guid(0f96fa2ea38fdf640b0d07611ffa79da) Importer(815301076,1909f56bfc062723c751e8b465ee728b) [PhysX] Initialized MultithreadedTaskDispatcher with 8 workers.
[PhysX] Initialized MultithreadedTaskDispatcher with 8 workers.
 -> (artifact id: '44d9bd9e10129dd19b07993272c5e342') in 0.018745 seconds
Number of updated asset objects reloaded before import = 0
Number of asset objects unloaded after import = 3
========================================================================
Received Import Request.
  Time since last request: 0.000023 seconds.
  path: Assets/RyulAsset/UI/GUI Pro Kit - Casual Game/PNG/Sprite/Demo/Demo_Icon/Icon_ImageIcon_Gem01_l.png
  artifactKey: Guid(5099aa4089839b448aa2931b6087b1e0) Importer(815301076,1909f56bfc062723c751e8b465ee728b)
Start importing Assets/RyulAsset/UI/GUI Pro Kit - Casual Game/PNG/Sprite/Demo/Demo_Icon/Icon_ImageIcon_Gem01_l.png using Guid(5099aa4089839b448aa2931b6087b1e0) Importer(815301076,1909f56bfc062723c751e8b465ee728b) [PhysX] Initialized MultithreadedTaskDispatcher with 8 workers.
[PhysX] Initialized MultithreadedTaskDispatcher with 8 workers.
 -> (artifact id: 'd0985ed84481ee4eb5c1c6af1926601c') in 0.022818 seconds
Number of updated asset objects reloaded before import = 0
Number of asset objects unloaded after import = 3
========================================================================
Received Import Request.
  Time since last request: 0.000023 seconds.
  path: Assets/RyulAsset/UI/GUI Pro Kit - Casual Game/PNG/Sprite/Demo/Demo_Icon/Icon_ChestIcon_Gold01_xl.png
  artifactKey: Guid(d770169624352e246806c5e13a79974a) Importer(815301076,1909f56bfc062723c751e8b465ee728b)
Start importing Assets/RyulAsset/UI/GUI Pro Kit - Casual Game/PNG/Sprite/Demo/Demo_Icon/Icon_ChestIcon_Gold01_xl.png using Guid(d770169624352e246806c5e13a79974a) Importer(815301076,1909f56bfc062723c751e8b465ee728b) [PhysX] Initialized MultithreadedTaskDispatcher with 8 workers.
[PhysX] Initialized MultithreadedTaskDispatcher with 8 workers.
 -> (artifact id: '4f729edbf472ac87ed178aece18b57d4') in 0.037761 seconds
Number of updated asset objects reloaded before import = 0
Number of asset objects unloaded after import = 3
========================================================================
Received Import Request.
  Time since last request: 0.000023 seconds.
  path: Assets/RyulAsset/UI/GUI Pro Kit - Casual Game/PNG/Sprite/Demo/Demo_Icon/Icon_ImageIcon_Ad_00_s.png
  artifactKey: Guid(404932ac382ff434ea230f8e6d12ed7a) Importer(815301076,1909f56bfc062723c751e8b465ee728b)
Start importing Assets/RyulAsset/UI/GUI Pro Kit - Casual Game/PNG/Sprite/Demo/Demo_Icon/Icon_ImageIcon_Ad_00_s.png using Guid(404932ac382ff434ea230f8e6d12ed7a) Importer(815301076,1909f56bfc062723c751e8b465ee728b) [PhysX] Initialized MultithreadedTaskDispatcher with 8 workers.
[PhysX] Initialized MultithreadedTaskDispatcher with 8 workers.
 -> (artifact id: 'a4e186af0cebaa4925191a0fc2a05ff8') in 0.029267 seconds
Number of updated asset objects reloaded before import = 0
Number of asset objects unloaded after import = 3
========================================================================
Received Import Request.
  Time since last request: 0.000037 seconds.
  path: Assets/RyulAsset/UI/GUI Pro Kit - Casual Game/PNG/Sprite/Demo/Demo_Icon/Icon_ChestIcon_Blue03_s.png
  artifactKey: Guid(f3a5bc28fb3b63c43b9fd8441851245b) Importer(815301076,1909f56bfc062723c751e8b465ee728b)
Start importing Assets/RyulAsset/UI/GUI Pro Kit - Casual Game/PNG/Sprite/Demo/Demo_Icon/Icon_ChestIcon_Blue03_s.png using Guid(f3a5bc28fb3b63c43b9fd8441851245b) Importer(815301076,1909f56bfc062723c751e8b465ee728b) [PhysX] Initialized MultithreadedTaskDispatcher with 8 workers.
[PhysX] Initialized MultithreadedTaskDispatcher with 8 workers.
 -> (artifact id: 'a439493182f68e56d64ca3a284c60bc0') in 0.029088 seconds
Number of updated asset objects reloaded before import = 0
Number of asset objects unloaded after import = 3
========================================================================
Received Import Request.
  Time since last request: 0.000028 seconds.
  path: Assets/RyulAsset/UI/GUI Pro Kit - Casual Game/PNG/Sprite/Demo/Demo_Icon/Icon_ChestIcon_Gold01_l.png
  artifactKey: Guid(d16cab225428d1c43b4db5bae40940ba) Importer(815301076,1909f56bfc062723c751e8b465ee728b)
Start importing Assets/RyulAsset/UI/GUI Pro Kit - Casual Game/PNG/Sprite/Demo/Demo_Icon/Icon_ChestIcon_Gold01_l.png using Guid(d16cab225428d1c43b4db5bae40940ba) Importer(815301076,1909f56bfc062723c751e8b465ee728b) [PhysX] Initialized MultithreadedTaskDispatcher with 8 workers.
[PhysX] Initialized MultithreadedTaskDispatcher with 8 workers.
 -> (artifact id: '297dc1e46242b17411f6fcbd5be1de85') in 0.025014 seconds
Number of updated asset objects reloaded before import = 0
Number of asset objects unloaded after import = 3
========================================================================
Received Import Request.
  Time since last request: 0.000022 seconds.
  path: Assets/RyulAsset/UI/GUI Pro Kit - Casual Game/PNG/Sprite/Demo/Demo_Icon/Icon_ImageIcon_ClearStamp_l.png
  artifactKey: Guid(dd02937c72236ef4cb51d64e8191d8c1) Importer(815301076,1909f56bfc062723c751e8b465ee728b)
Start importing Assets/RyulAsset/UI/GUI Pro Kit - Casual Game/PNG/Sprite/Demo/Demo_Icon/Icon_ImageIcon_ClearStamp_l.png using Guid(dd02937c72236ef4cb51d64e8191d8c1) Importer(815301076,1909f56bfc062723c751e8b465ee728b) [PhysX] Initialized MultithreadedTaskDispatcher with 8 workers.
[PhysX] Initialized MultithreadedTaskDispatcher with 8 workers.
 -> (artifact id: '57987597225527ec54318678894cd0d5') in 0.024653 seconds
Number of updated asset objects reloaded before import = 0
Number of asset objects unloaded after import = 3
========================================================================
Received Import Request.
  Time since last request: 0.000021 seconds.
  path: Assets/RyulAsset/UI/GUI Pro Kit - Casual Game/PNG/Sprite/Demo/Demo_Icon/Icon_ImageIcon_Facebook.png
  artifactKey: Guid(57de3ee45da3c9b43a77cfb47c8938c1) Importer(815301076,1909f56bfc062723c751e8b465ee728b)
Start importing Assets/RyulAsset/UI/GUI Pro Kit - Casual Game/PNG/Sprite/Demo/Demo_Icon/Icon_ImageIcon_Facebook.png using Guid(57de3ee45da3c9b43a77cfb47c8938c1) Importer(815301076,1909f56bfc062723c751e8b465ee728b) [PhysX] Initialized MultithreadedTaskDispatcher with 8 workers.
[PhysX] Initialized MultithreadedTaskDispatcher with 8 workers.
 -> (artifact id: 'e8583127f54598f49e7cae7e42996ddf') in 0.018422 seconds
Number of updated asset objects reloaded before import = 0
Number of asset objects unloaded after import = 3
========================================================================
Received Import Request.
  Time since last request: 0.000036 seconds.
  path: Assets/RyulAsset/UI/GUI Pro Kit - Casual Game/PNG/Sprite/Demo/Demo_Icon/Icon_ImageIcon_Gem01_m.png
  artifactKey: Guid(6934e98c392a1c84ba61156a2920fdf8) Importer(815301076,1909f56bfc062723c751e8b465ee728b)
Start importing Assets/RyulAsset/UI/GUI Pro Kit - Casual Game/PNG/Sprite/Demo/Demo_Icon/Icon_ImageIcon_Gem01_m.png using Guid(6934e98c392a1c84ba61156a2920fdf8) Importer(815301076,1909f56bfc062723c751e8b465ee728b) [PhysX] Initialized MultithreadedTaskDispatcher with 8 workers.
[PhysX] Initialized MultithreadedTaskDispatcher with 8 workers.
 -> (artifact id: '6704c5b31308151603ec7bf91d1714f5') in 0.028184 seconds
Number of updated asset objects reloaded before import = 0
Number of asset objects unloaded after import = 3
========================================================================
Received Import Request.
  Time since last request: 0.000023 seconds.
  path: Assets/RyulAsset/UI/GUI Pro Kit - Casual Game/PNG/Sprite/Demo/Demo_Icon/Icon_ImageIcon_AdRemove_l.png
  artifactKey: Guid(92917b6009bd6ed439c29d3df7084b2a) Importer(815301076,1909f56bfc062723c751e8b465ee728b)
Start importing Assets/RyulAsset/UI/GUI Pro Kit - Casual Game/PNG/Sprite/Demo/Demo_Icon/Icon_ImageIcon_AdRemove_l.png using Guid(92917b6009bd6ed439c29d3df7084b2a) Importer(815301076,1909f56bfc062723c751e8b465ee728b) [PhysX] Initialized MultithreadedTaskDispatcher with 8 workers.
[PhysX] Initialized MultithreadedTaskDispatcher with 8 workers.
 -> (artifact id: 'b3c9fba48ec8dac8f8b572be343ab77e') in 0.028275 seconds
Number of updated asset objects reloaded before import = 0
Number of asset objects unloaded after import = 3
========================================================================
Received Import Request.
  Time since last request: 0.000022 seconds.
  path: Assets/RyulAsset/UI/GUI Pro Kit - Casual Game/PNG/Sprite/Demo/Demo_Icon/Icon_ImageIcon_Emoji.png
  artifactKey: Guid(853b1c0c759233c4abfcf0be5a39e47d) Importer(815301076,1909f56bfc062723c751e8b465ee728b)
Start importing Assets/RyulAsset/UI/GUI Pro Kit - Casual Game/PNG/Sprite/Demo/Demo_Icon/Icon_ImageIcon_Emoji.png using Guid(853b1c0c759233c4abfcf0be5a39e47d) Importer(815301076,1909f56bfc062723c751e8b465ee728b) [PhysX] Initialized MultithreadedTaskDispatcher with 8 workers.
[PhysX] Initialized MultithreadedTaskDispatcher with 8 workers.
 -> (artifact id: '7ce2e34f49351a2792fb37543095cd2a') in 0.031038 seconds
Number of updated asset objects reloaded before import = 0
Number of asset objects unloaded after import = 3
========================================================================
Received Import Request.
  Time since last request: 0.000025 seconds.
  path: Assets/RyulAsset/UI/GUI Pro Kit - Casual Game/PNG/Sprite/Demo/Demo_Icon/Icon_ChestIcon_Blue02_m.png
  artifactKey: Guid(003ee2f9edf28ca44b797d65e6607cd2) Importer(815301076,1909f56bfc062723c751e8b465ee728b)
Start importing Assets/RyulAsset/UI/GUI Pro Kit - Casual Game/PNG/Sprite/Demo/Demo_Icon/Icon_ChestIcon_Blue02_m.png using Guid(003ee2f9edf28ca44b797d65e6607cd2) Importer(815301076,1909f56bfc062723c751e8b465ee728b) [PhysX] Initialized MultithreadedTaskDispatcher with 8 workers.
[PhysX] Initialized MultithreadedTaskDispatcher with 8 workers.
 -> (artifact id: 'ab06cd37aedc3f27790367fcb21734dd') in 0.032974 seconds
Number of updated asset objects reloaded before import = 0
Number of asset objects unloaded after import = 3
========================================================================
Received Import Request.
  Time since last request: 0.000034 seconds.
  path: Assets/RyulAsset/UI/GUI Pro Kit - Casual Game/PNG/Sprite/Demo/Demo_Icon/Icon_ImageIcon_Ad_01_l.png
  artifactKey: Guid(5dd1b875d0d8b5d4e819505fbcc41890) Importer(815301076,1909f56bfc062723c751e8b465ee728b)
Start importing Assets/RyulAsset/UI/GUI Pro Kit - Casual Game/PNG/Sprite/Demo/Demo_Icon/Icon_ImageIcon_Ad_01_l.png using Guid(5dd1b875d0d8b5d4e819505fbcc41890) Importer(815301076,1909f56bfc062723c751e8b465ee728b) [PhysX] Initialized MultithreadedTaskDispatcher with 8 workers.
[PhysX] Initialized MultithreadedTaskDispatcher with 8 workers.
 -> (artifact id: 'f7bc23afd0befa3af71f33382c3eea3b') in 0.016872 seconds
Number of updated asset objects reloaded before import = 0
Number of asset objects unloaded after import = 3
========================================================================
Received Import Request.
  Time since last request: 0.000020 seconds.
  path: Assets/RyulAsset/UI/GUI Pro Kit - Casual Game/PNG/Sprite/Demo/Demo_Icon/Icon_ImageIcon_AdRemove_s.png
  artifactKey: Guid(0659071045e63344c8c4b15641d370d9) Importer(815301076,1909f56bfc062723c751e8b465ee728b)
Start importing Assets/RyulAsset/UI/GUI Pro Kit - Casual Game/PNG/Sprite/Demo/Demo_Icon/Icon_ImageIcon_AdRemove_s.png using Guid(0659071045e63344c8c4b15641d370d9) Importer(815301076,1909f56bfc062723c751e8b465ee728b) [PhysX] Initialized MultithreadedTaskDispatcher with 8 workers.
[PhysX] Initialized MultithreadedTaskDispatcher with 8 workers.
 -> (artifact id: '39e27b9d65bdc407fb381f6e191461d2') in 0.017570 seconds
Number of updated asset objects reloaded before import = 0
Number of asset objects unloaded after import = 3
Editor requested this worker to shutdown with reason: Scaling down because of idle timeout
TcpMessagingSession - receive error: operation aborted. errorcode: 995, details: 스레드 종료 또는 응용 프로그램 요청 때문에 I/O 작업이 취소되었습니다.
AssetImportWorker is now disconnected from the server
Process exiting
Exiting without the bug reporter. Application will terminate with return code 0