Using pre-set license
Built from '2022.3/staging' branch; Version is '2022.3.40f1 (cbdda657d2f0) revision 13360550'; Using compiler version '192829333'; Build Type 'Release'
OS: 'Windows 10  (10.0.19045) 64bit Professional' Language: 'ko' Physical Memory: 32720 MB
BatchMode: 1, IsHumanControllingUs: 0, StartBugReporterOnCrash: 0, Is64bit: 1, IsPro: 1

COMMAND LINE ARGUMENTS:
C:\Program Files\Unity\Hub\Editor\2022.3.40f1\Editor\Unity.exe
-adb2
-batchMode
-noUpm
-name
AssetImportWorker0
-projectPath
D:/Soccer-Rush/Soccer-Rush
-logFile
Logs/AssetImportWorker0.log
-srvPort
10701
Successfully changed project path to: D:/Soccer-Rush/Soccer-Rush
D:/Soccer-Rush/Soccer-Rush
[UnityMemory] Configuration Parameters - Can be set up in boot.config
    "memorysetup-bucket-allocator-granularity=16"
    "memorysetup-bucket-allocator-bucket-count=8"
    "memorysetup-bucket-allocator-block-size=33554432"
    "memorysetup-bucket-allocator-block-count=8"
    "memorysetup-main-allocator-block-size=16777216"
    "memorysetup-thread-allocator-block-size=16777216"
    "memorysetup-gfx-main-allocator-block-size=16777216"
    "memorysetup-gfx-thread-allocator-block-size=16777216"
    "memorysetup-cache-allocator-block-size=4194304"
    "memorysetup-typetree-allocator-block-size=2097152"
    "memorysetup-profiler-bucket-allocator-granularity=16"
    "memorysetup-profiler-bucket-allocator-bucket-count=8"
    "memorysetup-profiler-bucket-allocator-block-size=33554432"
    "memorysetup-profiler-bucket-allocator-block-count=8"
    "memorysetup-profiler-allocator-block-size=16777216"
    "memorysetup-profiler-editor-allocator-block-size=1048576"
    "memorysetup-temp-allocator-size-main=16777216"
    "memorysetup-job-temp-allocator-block-size=2097152"
    "memorysetup-job-temp-allocator-block-size-background=1048576"
    "memorysetup-job-temp-allocator-reduction-small-platforms=262144"
    "memorysetup-allocator-temp-initial-block-size-main=262144"
    "memorysetup-allocator-temp-initial-block-size-worker=262144"
    "memorysetup-temp-allocator-size-background-worker=32768"
    "memorysetup-temp-allocator-size-job-worker=262144"
    "memorysetup-temp-allocator-size-preload-manager=33554432"
    "memorysetup-temp-allocator-size-nav-mesh-worker=65536"
    "memorysetup-temp-allocator-size-audio-worker=65536"
    "memorysetup-temp-allocator-size-cloud-worker=32768"
    "memorysetup-temp-allocator-size-gi-baking-worker=262144"
    "memorysetup-temp-allocator-size-gfx=262144"
Player connection [29312]  Target information:

Player connection [29312]  * "[IP] 210.218.158.64 [Port] 0 [Flags] 2 [Guid] 1122245409 [EditorId] 1122245409 [Version] 1048832 [Id] WindowsEditor(7,DESKTOP-CTGB9VO) [Debug] 1 [PackageName] WindowsEditor [ProjectName] Editor" 

Player connection [29312]  * "[IP] 192.168.56.1 [Port] 0 [Flags] 2 [Guid] 1122245409 [EditorId] 1122245409 [Version] 1048832 [Id] WindowsEditor(7,DESKTOP-CTGB9VO) [Debug] 1 [PackageName] WindowsEditor [ProjectName] Editor" 

Player connection [29312] Host joined multi-casting on [225.0.0.222:54997]...
Player connection [29312] Host joined alternative multi-casting on [225.0.0.222:34997]...
[PhysX] Initialized MultithreadedTaskDispatcher with 8 workers.
Refreshing native plugins compatible for Editor in 25.86 ms, found 3 plugins.
Preloading 0 native plugins for Editor in 0.00 ms.
Initialize engine version: 2022.3.40f1 (cbdda657d2f0)
[Subsystems] Discovering subsystems at path C:/Program Files/Unity/Hub/Editor/2022.3.40f1/Editor/Data/Resources/UnitySubsystems
[Subsystems] Discovering subsystems at path D:/Soccer-Rush/Soccer-Rush/Assets
GfxDevice: creating device client; threaded=0; jobified=0
Direct3D:
    Version:  Direct3D 11.0 [level 11.1]
    Renderer: NVIDIA GeForce RTX 2070 SUPER (ID=0x1e84)
    Vendor:   NVIDIA
    VRAM:     7989 MB
    Driver:   32.0.15.6094
Initialize mono
Mono path[0] = 'C:/Program Files/Unity/Hub/Editor/2022.3.40f1/Editor/Data/Managed'
Mono path[1] = 'C:/Program Files/Unity/Hub/Editor/2022.3.40f1/Editor/Data/MonoBleedingEdge/lib/mono/unityjit-win32'
Mono config path = 'C:/Program Files/Unity/Hub/Editor/2022.3.40f1/Editor/Data/MonoBleedingEdge/etc'
Using monoOptions --debugger-agent=transport=dt_socket,embedding=1,server=y,suspend=n,address=127.0.0.1:56192
Begin MonoManager ReloadAssembly
Registering precompiled unity dll's ...
Register platform support module: C:/Program Files/Unity/Hub/Editor/2022.3.40f1/Editor/Data/PlaybackEngines/WebGLSupport/UnityEditor.WebGL.Extensions.dll
Register platform support module: C:/Program Files/Unity/Hub/Editor/2022.3.40f1/Editor/Data/PlaybackEngines/AndroidPlayer/UnityEditor.Android.Extensions.dll
Register platform support module: C:/Program Files/Unity/Hub/Editor/2022.3.40f1/Editor/Data/PlaybackEngines/WindowsStandaloneSupport/UnityEditor.WindowsStandalone.Extensions.dll
Registered in 0.053118 seconds.
- Loaded All Assemblies, in  0.813 seconds
Native extension for WindowsStandalone target not found
Native extension for Android target not found
Android Extension - Scanning For ADB Devices 3105 ms
Native extension for WebGL target not found
Mono: successfully reloaded assembly
- Finished resetting the current domain, in  3.668 seconds
Domain Reload Profiling: 4470ms
	BeginReloadAssembly (248ms)
		ExecutionOrderSort (0ms)
		DisableScriptedObjects (0ms)
		BackupInstance (0ms)
		ReleaseScriptingObjects (0ms)
		CreateAndSetChildDomain (1ms)
	RebuildCommonClasses (73ms)
	RebuildNativeTypeToScriptingClass (20ms)
	initialDomainReloadingComplete (159ms)
	LoadAllAssembliesAndSetupDomain (301ms)
		LoadAssemblies (242ms)
		RebuildTransferFunctionScriptingTraits (0ms)
		AnalyzeDomain (295ms)
			TypeCache.Refresh (293ms)
				TypeCache.ScanAssembly (270ms)
			ScanForSourceGeneratedMonoScriptInfo (1ms)
			ResolveRequiredComponents (1ms)
	FinalizeReload (3668ms)
		ReleaseScriptCaches (0ms)
		RebuildScriptCaches (0ms)
		SetupLoadedEditorAssemblies (3590ms)
			LogAssemblyErrors (0ms)
			InitializePlatformSupportModulesInManaged (3310ms)
			SetLoadedEditorAssemblies (4ms)
			RefreshPlugins (0ms)
			BeforeProcessingInitializeOnLoad (3ms)
			ProcessInitializeOnLoadAttributes (194ms)
			ProcessInitializeOnLoadMethodAttributes (79ms)
			AfterProcessingInitializeOnLoad (0ms)
			EditorAssembliesLoaded (0ms)
		ExecutionOrderSort2 (0ms)
		AwakeInstancesAfterBackupRestoration (0ms)
========================================================================
Worker process is ready to serve import requests
Caller must complete domain reload
Begin MonoManager ReloadAssembly
- Loaded All Assemblies, in  1.227 seconds
Native extension for WindowsStandalone target not found
Native extension for Android target not found
Native extension for WebGL target not found
Mono: successfully reloaded assembly
Package Manager log level set to [2]
[Package Manager] Server::EnsureServerProcessIsRunning -- launch failed, reason: Unity was launched with the -noUpm command-line argument
[Package Manager] UpmClient::Send -- Unable to send message (not connected to UPM process).
[Package Manager] Cannot connect to Unity Package Manager local server
[Package Manager] Server::EnsureServerProcessIsRunning -- launch failed, reason: Unity was launched with the -noUpm command-line argument
[Package Manager] UpmClient::Send -- Unable to send message (not connected to UPM process).
[Package Manager] Cannot connect to Unity Package Manager local server
- Finished resetting the current domain, in  1.167 seconds
Domain Reload Profiling: 2384ms
	BeginReloadAssembly (287ms)
		ExecutionOrderSort (0ms)
		DisableScriptedObjects (9ms)
		BackupInstance (0ms)
		ReleaseScriptingObjects (0ms)
		CreateAndSetChildDomain (33ms)
	RebuildCommonClasses (67ms)
	RebuildNativeTypeToScriptingClass (20ms)
	initialDomainReloadingComplete (111ms)
	LoadAllAssembliesAndSetupDomain (732ms)
		LoadAssemblies (634ms)
		RebuildTransferFunctionScriptingTraits (0ms)
		AnalyzeDomain (285ms)
			TypeCache.Refresh (244ms)
				TypeCache.ScanAssembly (215ms)
			ScanForSourceGeneratedMonoScriptInfo (29ms)
			ResolveRequiredComponents (10ms)
	FinalizeReload (1167ms)
		ReleaseScriptCaches (0ms)
		RebuildScriptCaches (0ms)
		SetupLoadedEditorAssemblies (928ms)
			LogAssemblyErrors (0ms)
			InitializePlatformSupportModulesInManaged (66ms)
			SetLoadedEditorAssemblies (17ms)
			RefreshPlugins (0ms)
			BeforeProcessingInitializeOnLoad (144ms)
			ProcessInitializeOnLoadAttributes (638ms)
			ProcessInitializeOnLoadMethodAttributes (35ms)
			AfterProcessingInitializeOnLoad (28ms)
			EditorAssembliesLoaded (0ms)
		ExecutionOrderSort2 (0ms)
		AwakeInstancesAfterBackupRestoration (18ms)
Launched and connected shader compiler UnityShaderCompiler.exe after 0.15 seconds
Refreshing native plugins compatible for Editor in 11.94 ms, found 3 plugins.
Preloading 0 native plugins for Editor in 0.00 ms.
Unloading 3768 Unused Serialized files (Serialized files now loaded: 0)
Unloading 32 unused Assets / (174.7 KB). Loaded Objects now: 4239.
Memory consumption went from 150.3 MB to 150.1 MB.
Total: 5.772000 ms (FindLiveObjects: 0.617800 ms CreateObjectMapping: 0.552500 ms MarkObjects: 4.391800 ms  DeleteObjects: 0.207700 ms)

AssetImportParameters requested are different than current active one (requested -> active):
  custom:container-demuxer-ogg: 62fdf1f143b41e24485cea50d1cbac27 -> 
  custom:video-decoder-ogg-theora: a1e56fd34408186e4bbccfd4996cb3dc -> 
  custom:framework-win-MediaFoundation: 216162199b28c13a410421893ffa2e32 -> 
  custom:CustomObjectIndexerAttribute: 9a22284fe3817be447336de3de66b15e -> 
  custom:container-demuxer-webm: 4f35f7cbe854078d1ac9338744f61a02 -> 
  custom:container-muxer-webm: aa71ff27fc2769a1b78a27578f13a17b -> 
  custom:video-decoder-webm-vp8: 9c59270c3fd7afecdb556c50c9e8de78 -> 
  custom:SearchIndexIgnoredProperties: e643bd26f0fe6173181afceb89e7c659 -> 
  custom:AudioImporter_EditorPlatform: d09bf68614088b80899f8185d706f6e7 -> 
  custom:video-encoder-webm-vp8: eb34c28f22e8b96e1ab97ce403110664 -> 
  custom:audio-decoder-ogg-vorbis: bf7c407c2cedff20999df2af8eb42d56 -> 
  custom:audio-encoder-webm-vorbis: bf7c407c2cedff20999df2af8eb42d56 -> 
========================================================================
Received Import Request.
  Time since last request: 22012.983592 seconds.
  path: Assets/RyulAsset/UI/GUI Pro Kit - Casual Game/PNG/Sprite/Component/Button/Btn_MainButton_Sky.Png
  artifactKey: Guid(1700876831f20f54d8f5b94a2a256989) Importer(815301076,1909f56bfc062723c751e8b465ee728b)
Start importing Assets/RyulAsset/UI/GUI Pro Kit - Casual Game/PNG/Sprite/Component/Button/Btn_MainButton_Sky.Png using Guid(1700876831f20f54d8f5b94a2a256989) Importer(815301076,1909f56bfc062723c751e8b465ee728b) [PhysX] Initialized MultithreadedTaskDispatcher with 8 workers.
[PhysX] Initialized MultithreadedTaskDispatcher with 8 workers.
 -> (artifact id: '93ee5c4dd3a8fe50ff94f8911ca1ea4f') in 0.090288 seconds
Number of updated asset objects reloaded before import = 0
Number of asset objects unloaded after import = 2
========================================================================
Received Import Request.
  Time since last request: 0.000033 seconds.
  path: Assets/RyulAsset/UI/GUI Pro Kit - Casual Game/PNG/Sprite/Component/Button/Btn_OtherButton_Square01_Yellow.png
  artifactKey: Guid(83da9b2a66bcfd2459619c7f84b6616d) Importer(815301076,1909f56bfc062723c751e8b465ee728b)
Start importing Assets/RyulAsset/UI/GUI Pro Kit - Casual Game/PNG/Sprite/Component/Button/Btn_OtherButton_Square01_Yellow.png using Guid(83da9b2a66bcfd2459619c7f84b6616d) Importer(815301076,1909f56bfc062723c751e8b465ee728b) [PhysX] Initialized MultithreadedTaskDispatcher with 8 workers.
[PhysX] Initialized MultithreadedTaskDispatcher with 8 workers.
 -> (artifact id: '5475e096fb6dd375bcb6d01adb76de1a') in 0.009096 seconds
Number of updated asset objects reloaded before import = 0
Number of asset objects unloaded after import = 2
========================================================================
Received Import Request.
  Time since last request: 0.000018 seconds.
  path: Assets/RyulAsset/UI/GUI Pro Kit - Casual Game/PNG/Sprite/Component/Button/Btn_OtherButton_Square03_Blue.png
  artifactKey: Guid(6bdfb83fa39667d40aefc1da536400b8) Importer(815301076,1909f56bfc062723c751e8b465ee728b)
Start importing Assets/RyulAsset/UI/GUI Pro Kit - Casual Game/PNG/Sprite/Component/Button/Btn_OtherButton_Square03_Blue.png using Guid(6bdfb83fa39667d40aefc1da536400b8) Importer(815301076,1909f56bfc062723c751e8b465ee728b) [PhysX] Initialized MultithreadedTaskDispatcher with 8 workers.
[PhysX] Initialized MultithreadedTaskDispatcher with 8 workers.
 -> (artifact id: '4f27647a7416652daa27277744a3571c') in 0.013660 seconds
Number of updated asset objects reloaded before import = 0
Number of asset objects unloaded after import = 2
========================================================================
Received Import Request.
  Time since last request: 0.000024 seconds.
  path: Assets/RyulAsset/UI/GUI Pro Kit - Casual Game/PNG/Sprite/Component/Button/Btn_MainButton_White.Png
  artifactKey: Guid(2205e12c9ecaeb3488a327238bf24480) Importer(815301076,1909f56bfc062723c751e8b465ee728b)
Start importing Assets/RyulAsset/UI/GUI Pro Kit - Casual Game/PNG/Sprite/Component/Button/Btn_MainButton_White.Png using Guid(2205e12c9ecaeb3488a327238bf24480) Importer(815301076,1909f56bfc062723c751e8b465ee728b) [PhysX] Initialized MultithreadedTaskDispatcher with 8 workers.
[PhysX] Initialized MultithreadedTaskDispatcher with 8 workers.
 -> (artifact id: '315133a22269965740f8967968206043') in 0.008909 seconds
Number of updated asset objects reloaded before import = 0
Number of asset objects unloaded after import = 2
========================================================================
Received Import Request.
  Time since last request: 0.000017 seconds.
  path: Assets/RyulAsset/UI/GUI Pro Kit - Casual Game/PNG/Sprite/Component/Button/Btn_MainButton_Gray.Png
  artifactKey: Guid(b346c4caa06d84944b5311c01e81cac3) Importer(815301076,1909f56bfc062723c751e8b465ee728b)
Start importing Assets/RyulAsset/UI/GUI Pro Kit - Casual Game/PNG/Sprite/Component/Button/Btn_MainButton_Gray.Png using Guid(b346c4caa06d84944b5311c01e81cac3) Importer(815301076,1909f56bfc062723c751e8b465ee728b) [PhysX] Initialized MultithreadedTaskDispatcher with 8 workers.
[PhysX] Initialized MultithreadedTaskDispatcher with 8 workers.
 -> (artifact id: '3fef477405d8682243525877fd8788be') in 0.007989 seconds
Number of updated asset objects reloaded before import = 0
Number of asset objects unloaded after import = 2
========================================================================
Received Import Request.
  Time since last request: 0.000024 seconds.
  path: Assets/RyulAsset/UI/GUI Pro Kit - Casual Game/PNG/Sprite/Component/Button/Btn_OtherButton_SideButton02_Right.png
  artifactKey: Guid(86d536dd9134bd1479b82c8cc641e415) Importer(815301076,1909f56bfc062723c751e8b465ee728b)
Start importing Assets/RyulAsset/UI/GUI Pro Kit - Casual Game/PNG/Sprite/Component/Button/Btn_OtherButton_SideButton02_Right.png using Guid(86d536dd9134bd1479b82c8cc641e415) Importer(815301076,1909f56bfc062723c751e8b465ee728b) [PhysX] Initialized MultithreadedTaskDispatcher with 8 workers.
[PhysX] Initialized MultithreadedTaskDispatcher with 8 workers.
 -> (artifact id: '1483b612b2c8cf7eadb28d4d9e06aa2c') in 0.016753 seconds
Number of updated asset objects reloaded before import = 0
Number of asset objects unloaded after import = 2
========================================================================
Received Import Request.
  Time since last request: 0.000024 seconds.
  path: Assets/RyulAsset/UI/GUI Pro Kit - Casual Game/PNG/Sprite/Component/Button/Btn_OtherButton_Circle01_d.png
  artifactKey: Guid(3039711879a972e4581621971dd881bd) Importer(815301076,1909f56bfc062723c751e8b465ee728b)
Start importing Assets/RyulAsset/UI/GUI Pro Kit - Casual Game/PNG/Sprite/Component/Button/Btn_OtherButton_Circle01_d.png using Guid(3039711879a972e4581621971dd881bd) Importer(815301076,1909f56bfc062723c751e8b465ee728b) [PhysX] Initialized MultithreadedTaskDispatcher with 8 workers.
[PhysX] Initialized MultithreadedTaskDispatcher with 8 workers.
 -> (artifact id: '800f0e5265ac493ab91e83dd0a70a38c') in 0.010859 seconds
Number of updated asset objects reloaded before import = 0
Number of asset objects unloaded after import = 2
========================================================================
Received Import Request.
  Time since last request: 0.000019 seconds.
  path: Assets/RyulAsset/UI/GUI Pro Kit - Casual Game/PNG/Sprite/Component/Button/Btn_MainButton_Green.Png
  artifactKey: Guid(93038586cda34094e9fe5d504f39ebca) Importer(815301076,1909f56bfc062723c751e8b465ee728b)
Start importing Assets/RyulAsset/UI/GUI Pro Kit - Casual Game/PNG/Sprite/Component/Button/Btn_MainButton_Green.Png using Guid(93038586cda34094e9fe5d504f39ebca) Importer(815301076,1909f56bfc062723c751e8b465ee728b) [PhysX] Initialized MultithreadedTaskDispatcher with 8 workers.
[PhysX] Initialized MultithreadedTaskDispatcher with 8 workers.
 -> (artifact id: 'ac3824722c5ed18533aab3bc9c1fc1ae') in 0.008040 seconds
Number of updated asset objects reloaded before import = 0
Number of asset objects unloaded after import = 2
========================================================================
Received Import Request.
  Time since last request: 0.000018 seconds.
  path: Assets/RyulAsset/UI/GUI Pro Kit - Casual Game/PNG/Sprite/Component/Button/Btn_OtherButton_Hexagon01_Red.png
  artifactKey: Guid(4c12a589c62c47b4bb9c88a1482a67d1) Importer(815301076,1909f56bfc062723c751e8b465ee728b)
Start importing Assets/RyulAsset/UI/GUI Pro Kit - Casual Game/PNG/Sprite/Component/Button/Btn_OtherButton_Hexagon01_Red.png using Guid(4c12a589c62c47b4bb9c88a1482a67d1) Importer(815301076,1909f56bfc062723c751e8b465ee728b) [PhysX] Initialized MultithreadedTaskDispatcher with 8 workers.
[PhysX] Initialized MultithreadedTaskDispatcher with 8 workers.
 -> (artifact id: '83c51974be6e95aa68948135255b8003') in 0.009036 seconds
Number of updated asset objects reloaded before import = 0
Number of asset objects unloaded after import = 2
========================================================================
Received Import Request.
  Time since last request: 0.000017 seconds.
  path: Assets/RyulAsset/UI/GUI Pro Kit - Casual Game/PNG/Sprite/Component/Button/Btn_OtherButton_Circle02.png
  artifactKey: Guid(f35a398f8603f4c4b97f5261b0bc1374) Importer(815301076,1909f56bfc062723c751e8b465ee728b)
Start importing Assets/RyulAsset/UI/GUI Pro Kit - Casual Game/PNG/Sprite/Component/Button/Btn_OtherButton_Circle02.png using Guid(f35a398f8603f4c4b97f5261b0bc1374) Importer(815301076,1909f56bfc062723c751e8b465ee728b) [PhysX] Initialized MultithreadedTaskDispatcher with 8 workers.
[PhysX] Initialized MultithreadedTaskDispatcher with 8 workers.
 -> (artifact id: '7ca5d1047b5349d35bfe2089e2970c40') in 0.007659 seconds
Number of updated asset objects reloaded before import = 0
Number of asset objects unloaded after import = 2
========================================================================
Received Import Request.
  Time since last request: 0.000016 seconds.
  path: Assets/RyulAsset/UI/GUI Pro Kit - Casual Game/PNG/Sprite/Component/Button/Btn_MainButton_Blue.Png
  artifactKey: Guid(6c3205830f5ff5b4aa5fe815fabc03bf) Importer(815301076,1909f56bfc062723c751e8b465ee728b)
Start importing Assets/RyulAsset/UI/GUI Pro Kit - Casual Game/PNG/Sprite/Component/Button/Btn_MainButton_Blue.Png using Guid(6c3205830f5ff5b4aa5fe815fabc03bf) Importer(815301076,1909f56bfc062723c751e8b465ee728b) [PhysX] Initialized MultithreadedTaskDispatcher with 8 workers.
[PhysX] Initialized MultithreadedTaskDispatcher with 8 workers.
 -> (artifact id: '0488ba20cbc049852b6a3fdf682aea51') in 0.008454 seconds
Number of updated asset objects reloaded before import = 0
Number of asset objects unloaded after import = 2
========================================================================
Received Import Request.
  Time since last request: 0.000022 seconds.
  path: Assets/RyulAsset/UI/GUI Pro Kit - Casual Game/PNG/Sprite/Component/Button/Btn_OtherButton_Circle01_n.png
  artifactKey: Guid(b9cb8abeddce7ad46a55235ef6ff45ec) Importer(815301076,1909f56bfc062723c751e8b465ee728b)
Start importing Assets/RyulAsset/UI/GUI Pro Kit - Casual Game/PNG/Sprite/Component/Button/Btn_OtherButton_Circle01_n.png using Guid(b9cb8abeddce7ad46a55235ef6ff45ec) Importer(815301076,1909f56bfc062723c751e8b465ee728b) [PhysX] Initialized MultithreadedTaskDispatcher with 8 workers.
[PhysX] Initialized MultithreadedTaskDispatcher with 8 workers.
 -> (artifact id: '7a2f72c4ff9c1ae9ca6cc422107bd3c2') in 0.008281 seconds
Number of updated asset objects reloaded before import = 0
Number of asset objects unloaded after import = 2
========================================================================
Received Import Request.
  Time since last request: 0.000017 seconds.
  path: Assets/RyulAsset/UI/GUI Pro Kit - Casual Game/PNG/Sprite/Component/Button/Btn_OtherButton_Polygon01.png
  artifactKey: Guid(454a47d5d1cae594e97eddb2380d66bb) Importer(815301076,1909f56bfc062723c751e8b465ee728b)
Start importing Assets/RyulAsset/UI/GUI Pro Kit - Casual Game/PNG/Sprite/Component/Button/Btn_OtherButton_Polygon01.png using Guid(454a47d5d1cae594e97eddb2380d66bb) Importer(815301076,1909f56bfc062723c751e8b465ee728b) [PhysX] Initialized MultithreadedTaskDispatcher with 8 workers.
[PhysX] Initialized MultithreadedTaskDispatcher with 8 workers.
 -> (artifact id: 'd17b39a91ac13fa1e35d5cda8c32e1f6') in 0.008175 seconds
Number of updated asset objects reloaded before import = 0
Number of asset objects unloaded after import = 2
========================================================================
Received Import Request.
  Time since last request: 0.000018 seconds.
  path: Assets/RyulAsset/UI/GUI Pro Kit - Casual Game/PNG/Sprite/Component/Button/Btn_MainButton_Yellow.Png
  artifactKey: Guid(902ccc2a8e9777042824cb01807ee211) Importer(815301076,1909f56bfc062723c751e8b465ee728b)
Start importing Assets/RyulAsset/UI/GUI Pro Kit - Casual Game/PNG/Sprite/Component/Button/Btn_MainButton_Yellow.Png using Guid(902ccc2a8e9777042824cb01807ee211) Importer(815301076,1909f56bfc062723c751e8b465ee728b) [PhysX] Initialized MultithreadedTaskDispatcher with 8 workers.
[PhysX] Initialized MultithreadedTaskDispatcher with 8 workers.
 -> (artifact id: 'd6ac913c97ad7a3f4bfb3f795937db66') in 0.008259 seconds
Number of updated asset objects reloaded before import = 0
Number of asset objects unloaded after import = 2
========================================================================
Received Import Request.
  Time since last request: 0.000023 seconds.
  path: Assets/RyulAsset/UI/GUI Pro Kit - Casual Game/PNG/Sprite/Component/Button/Btn_MainButton_Purple.Png
  artifactKey: Guid(ca080929343425044bf8b1cab3971e24) Importer(815301076,1909f56bfc062723c751e8b465ee728b)
Start importing Assets/RyulAsset/UI/GUI Pro Kit - Casual Game/PNG/Sprite/Component/Button/Btn_MainButton_Purple.Png using Guid(ca080929343425044bf8b1cab3971e24) Importer(815301076,1909f56bfc062723c751e8b465ee728b) [PhysX] Initialized MultithreadedTaskDispatcher with 8 workers.
[PhysX] Initialized MultithreadedTaskDispatcher with 8 workers.
 -> (artifact id: '593a242df135ea04e26a094107b15d14') in 0.009036 seconds
Number of updated asset objects reloaded before import = 0
Number of asset objects unloaded after import = 2
========================================================================
Received Import Request.
  Time since last request: 0.000016 seconds.
  path: Assets/RyulAsset/UI/GUI Pro Kit - Casual Game/PNG/Sprite/Component/Button/Btn_MainButton_Dark.Png
  artifactKey: Guid(1e63d6df20587d1488ccbd2360826592) Importer(815301076,1909f56bfc062723c751e8b465ee728b)
Start importing Assets/RyulAsset/UI/GUI Pro Kit - Casual Game/PNG/Sprite/Component/Button/Btn_MainButton_Dark.Png using Guid(1e63d6df20587d1488ccbd2360826592) Importer(815301076,1909f56bfc062723c751e8b465ee728b) [PhysX] Initialized MultithreadedTaskDispatcher with 8 workers.
[PhysX] Initialized MultithreadedTaskDispatcher with 8 workers.
 -> (artifact id: '133d1c42ba673ef33ac132a4afdee050') in 0.007847 seconds
Number of updated asset objects reloaded before import = 0
Number of asset objects unloaded after import = 2
========================================================================
Received Import Request.
  Time since last request: 0.000023 seconds.
  path: Assets/RyulAsset/UI/GUI Pro Kit - Casual Game/PNG/Sprite/Component/Button/Btn_OtherButton_Square03_Purple.png
  artifactKey: Guid(0c3a6ce1a665a00408c7c9146bdd02b1) Importer(815301076,1909f56bfc062723c751e8b465ee728b)
Start importing Assets/RyulAsset/UI/GUI Pro Kit - Casual Game/PNG/Sprite/Component/Button/Btn_OtherButton_Square03_Purple.png using Guid(0c3a6ce1a665a00408c7c9146bdd02b1) Importer(815301076,1909f56bfc062723c751e8b465ee728b) [PhysX] Initialized MultithreadedTaskDispatcher with 8 workers.
[PhysX] Initialized MultithreadedTaskDispatcher with 8 workers.
 -> (artifact id: '8c307e8c24db4f358f7fb53fc4f30d6a') in 0.008438 seconds
Number of updated asset objects reloaded before import = 0
Number of asset objects unloaded after import = 2
========================================================================
Received Import Request.
  Time since last request: 0.000018 seconds.
  path: Assets/RyulAsset/UI/GUI Pro Kit - Casual Game/PNG/Sprite/Component/Button/Btn_OtherButton_Square07.png
  artifactKey: Guid(564488f3cb600804299e23c6ccf00ce1) Importer(815301076,1909f56bfc062723c751e8b465ee728b)
Start importing Assets/RyulAsset/UI/GUI Pro Kit - Casual Game/PNG/Sprite/Component/Button/Btn_OtherButton_Square07.png using Guid(564488f3cb600804299e23c6ccf00ce1) Importer(815301076,1909f56bfc062723c751e8b465ee728b) [PhysX] Initialized MultithreadedTaskDispatcher with 8 workers.
[PhysX] Initialized MultithreadedTaskDispatcher with 8 workers.
 -> (artifact id: '20af4a1a1578899b3a3307d2d5109bae') in 0.008494 seconds
Number of updated asset objects reloaded before import = 0
Number of asset objects unloaded after import = 2
========================================================================
Received Import Request.
  Time since last request: 0.000021 seconds.
  path: Assets/RyulAsset/UI/GUI Pro Kit - Casual Game/PNG/Sprite/Component/Button/Btn_OtherButton_Square06.png
  artifactKey: Guid(4a857151d60d3a14e97c7bdf0dbf0e50) Importer(815301076,1909f56bfc062723c751e8b465ee728b)
Start importing Assets/RyulAsset/UI/GUI Pro Kit - Casual Game/PNG/Sprite/Component/Button/Btn_OtherButton_Square06.png using Guid(4a857151d60d3a14e97c7bdf0dbf0e50) Importer(815301076,1909f56bfc062723c751e8b465ee728b) [PhysX] Initialized MultithreadedTaskDispatcher with 8 workers.
[PhysX] Initialized MultithreadedTaskDispatcher with 8 workers.
 -> (artifact id: '04664206f025632da584e3b0243edb90') in 0.008346 seconds
Number of updated asset objects reloaded before import = 0
Number of asset objects unloaded after import = 2
========================================================================
Received Import Request.
  Time since last request: 0.000020 seconds.
  path: Assets/RyulAsset/UI/GUI Pro Kit - Casual Game/PNG/Sprite/Component/Button/Btn_OtherButton_Polygon02.png
  artifactKey: Guid(92dec287cc3056348ad438bbb40aff48) Importer(815301076,1909f56bfc062723c751e8b465ee728b)
Start importing Assets/RyulAsset/UI/GUI Pro Kit - Casual Game/PNG/Sprite/Component/Button/Btn_OtherButton_Polygon02.png using Guid(92dec287cc3056348ad438bbb40aff48) Importer(815301076,1909f56bfc062723c751e8b465ee728b) [PhysX] Initialized MultithreadedTaskDispatcher with 8 workers.
[PhysX] Initialized MultithreadedTaskDispatcher with 8 workers.
 -> (artifact id: 'd1f81dcb6a07f9f2889193f765345c43') in 0.010609 seconds
Number of updated asset objects reloaded before import = 0
Number of asset objects unloaded after import = 2
========================================================================
Received Import Request.
  Time since last request: 0.000021 seconds.
  path: Assets/RyulAsset/UI/GUI Pro Kit - Casual Game/PNG/Sprite/Component/Button/Btn_OtherButton_Square01_Blue.png
  artifactKey: Guid(5a492b39baedcbb488ec1b070c6aad87) Importer(815301076,1909f56bfc062723c751e8b465ee728b)
Start importing Assets/RyulAsset/UI/GUI Pro Kit - Casual Game/PNG/Sprite/Component/Button/Btn_OtherButton_Square01_Blue.png using Guid(5a492b39baedcbb488ec1b070c6aad87) Importer(815301076,1909f56bfc062723c751e8b465ee728b) [PhysX] Initialized MultithreadedTaskDispatcher with 8 workers.
[PhysX] Initialized MultithreadedTaskDispatcher with 8 workers.
 -> (artifact id: 'd97804dc387c7f87c75b8863322f8e28') in 0.009602 seconds
Number of updated asset objects reloaded before import = 0
Number of asset objects unloaded after import = 2
========================================================================
Received Import Request.
  Time since last request: 0.000022 seconds.
  path: Assets/RyulAsset/UI/GUI Pro Kit - Casual Game/PNG/Sprite/Component/Button/Btn_OtherButton_Square08.png
  artifactKey: Guid(51e9b76f64097d04c8fb6eecb3d55804) Importer(815301076,1909f56bfc062723c751e8b465ee728b)
Start importing Assets/RyulAsset/UI/GUI Pro Kit - Casual Game/PNG/Sprite/Component/Button/Btn_OtherButton_Square08.png using Guid(51e9b76f64097d04c8fb6eecb3d55804) Importer(815301076,1909f56bfc062723c751e8b465ee728b) [PhysX] Initialized MultithreadedTaskDispatcher with 8 workers.
[PhysX] Initialized MultithreadedTaskDispatcher with 8 workers.
 -> (artifact id: 'e925b0ad280f63e6402cfd5848c1106a') in 0.011254 seconds
Number of updated asset objects reloaded before import = 0
Number of asset objects unloaded after import = 2
========================================================================
Received Import Request.
  Time since last request: 0.000035 seconds.
  path: Assets/RyulAsset/UI/GUI Pro Kit - Casual Game/PNG/Sprite/Component/Button/Btn_OtherButton_SideButton01_Left.png
  artifactKey: Guid(a7f0fb6e4fe3a524d8b8ab02202ff880) Importer(815301076,1909f56bfc062723c751e8b465ee728b)
Start importing Assets/RyulAsset/UI/GUI Pro Kit - Casual Game/PNG/Sprite/Component/Button/Btn_OtherButton_SideButton01_Left.png using Guid(a7f0fb6e4fe3a524d8b8ab02202ff880) Importer(815301076,1909f56bfc062723c751e8b465ee728b) [PhysX] Initialized MultithreadedTaskDispatcher with 8 workers.
[PhysX] Initialized MultithreadedTaskDispatcher with 8 workers.
 -> (artifact id: '4130546824ce234a3922a47a4507d807') in 0.009151 seconds
Number of updated asset objects reloaded before import = 0
Number of asset objects unloaded after import = 2
========================================================================
Received Import Request.
  Time since last request: 0.000019 seconds.
  path: Assets/RyulAsset/UI/GUI Pro Kit - Casual Game/PNG/Sprite/Component/Button/Btn_OtherButton_Hexagon01_Blue.png
  artifactKey: Guid(56c3f753db91a374bb3afa2f936381b8) Importer(815301076,1909f56bfc062723c751e8b465ee728b)
Start importing Assets/RyulAsset/UI/GUI Pro Kit - Casual Game/PNG/Sprite/Component/Button/Btn_OtherButton_Hexagon01_Blue.png using Guid(56c3f753db91a374bb3afa2f936381b8) Importer(815301076,1909f56bfc062723c751e8b465ee728b) [PhysX] Initialized MultithreadedTaskDispatcher with 8 workers.
[PhysX] Initialized MultithreadedTaskDispatcher with 8 workers.
 -> (artifact id: 'a494ce43c4dac759098aaca353e1aea1') in 0.009453 seconds
Number of updated asset objects reloaded before import = 0
Number of asset objects unloaded after import = 2
========================================================================
Received Import Request.
  Time since last request: 0.000030 seconds.
  path: Assets/RyulAsset/UI/GUI Pro Kit - Casual Game/PNG/Sprite/Component/Button/Btn_OtherButton_Square04.png
  artifactKey: Guid(0125cfb8c73d23342ae9ff77aa9d943c) Importer(815301076,1909f56bfc062723c751e8b465ee728b)
Start importing Assets/RyulAsset/UI/GUI Pro Kit - Casual Game/PNG/Sprite/Component/Button/Btn_OtherButton_Square04.png using Guid(0125cfb8c73d23342ae9ff77aa9d943c) Importer(815301076,1909f56bfc062723c751e8b465ee728b) [PhysX] Initialized MultithreadedTaskDispatcher with 8 workers.
[PhysX] Initialized MultithreadedTaskDispatcher with 8 workers.
 -> (artifact id: 'dfbcdda110b82999a7087c469d020773') in 0.009410 seconds
Number of updated asset objects reloaded before import = 0
Number of asset objects unloaded after import = 2
========================================================================
Received Import Request.
  Time since last request: 0.000022 seconds.
  path: Assets/RyulAsset/UI/GUI Pro Kit - Casual Game/PNG/Sprite/Component/Button/Btn_OtherButton_Square05.png
  artifactKey: Guid(93151b18a309cbe408b73ecf67107159) Importer(815301076,1909f56bfc062723c751e8b465ee728b)
Start importing Assets/RyulAsset/UI/GUI Pro Kit - Casual Game/PNG/Sprite/Component/Button/Btn_OtherButton_Square05.png using Guid(93151b18a309cbe408b73ecf67107159) Importer(815301076,1909f56bfc062723c751e8b465ee728b) [PhysX] Initialized MultithreadedTaskDispatcher with 8 workers.
[PhysX] Initialized MultithreadedTaskDispatcher with 8 workers.
 -> (artifact id: '3d63b05e2663e512423ca3bffcd9f4c9') in 0.009351 seconds
Number of updated asset objects reloaded before import = 0
Number of asset objects unloaded after import = 2
========================================================================
Received Import Request.
  Time since last request: 0.000020 seconds.
  path: Assets/RyulAsset/UI/GUI Pro Kit - Casual Game/PNG/Sprite/Component/Button/Btn_MainButton_Red.Png
  artifactKey: Guid(c8686f87fb47bbf48a1d2fb26e0f0dde) Importer(815301076,1909f56bfc062723c751e8b465ee728b)
Start importing Assets/RyulAsset/UI/GUI Pro Kit - Casual Game/PNG/Sprite/Component/Button/Btn_MainButton_Red.Png using Guid(c8686f87fb47bbf48a1d2fb26e0f0dde) Importer(815301076,1909f56bfc062723c751e8b465ee728b) [PhysX] Initialized MultithreadedTaskDispatcher with 8 workers.
[PhysX] Initialized MultithreadedTaskDispatcher with 8 workers.
 -> (artifact id: '0676ef76c56ba3751962a7d22f906739') in 0.011389 seconds
Number of updated asset objects reloaded before import = 0
Number of asset objects unloaded after import = 2
========================================================================
Received Import Request.
  Time since last request: 0.000018 seconds.
  path: Assets/RyulAsset/UI/GUI Pro Kit - Casual Game/PNG/Sprite/Component/Button/Btn_OtherButton_Square02.png
  artifactKey: Guid(9324c19a37d23b1428242eabd1b589a4) Importer(815301076,1909f56bfc062723c751e8b465ee728b)
Start importing Assets/RyulAsset/UI/GUI Pro Kit - Casual Game/PNG/Sprite/Component/Button/Btn_OtherButton_Square02.png using Guid(9324c19a37d23b1428242eabd1b589a4) Importer(815301076,1909f56bfc062723c751e8b465ee728b) [PhysX] Initialized MultithreadedTaskDispatcher with 8 workers.
[PhysX] Initialized MultithreadedTaskDispatcher with 8 workers.
 -> (artifact id: 'ecafb2c0cc7be046219017673675d68b') in 0.008690 seconds
Number of updated asset objects reloaded before import = 0
Number of asset objects unloaded after import = 2
========================================================================
Received Import Request.
  Time since last request: 0.000023 seconds.
  path: Assets/RyulAsset/UI/GUI Pro Kit - Casual Game/PNG/Sprite/Component/Button/Btn_MainButton_Orange.Png
  artifactKey: Guid(2a5ad32102ec27e47a4c68242a0d1739) Importer(815301076,1909f56bfc062723c751e8b465ee728b)
Start importing Assets/RyulAsset/UI/GUI Pro Kit - Casual Game/PNG/Sprite/Component/Button/Btn_MainButton_Orange.Png using Guid(2a5ad32102ec27e47a4c68242a0d1739) Importer(815301076,1909f56bfc062723c751e8b465ee728b) [PhysX] Initialized MultithreadedTaskDispatcher with 8 workers.
[PhysX] Initialized MultithreadedTaskDispatcher with 8 workers.
 -> (artifact id: 'c0f114bf110f120513b4c03bb26f4670') in 0.009705 seconds
Number of updated asset objects reloaded before import = 0
Number of asset objects unloaded after import = 2
Editor requested this worker to shutdown with reason: Scaling down because of idle timeout
TcpMessagingSession - receive error: operation aborted. errorcode: 995, details: 스레드 종료 또는 응용 프로그램 요청 때문에 I/O 작업이 취소되었습니다.
AssetImportWorker is now disconnected from the server
Process exiting
Exiting without the bug reporter. Application will terminate with return code 0