Using pre-set license
Built from '2022.3/staging' branch; Version is '2022.3.40f1 (cbdda657d2f0) revision 13360550'; Using compiler version '192829333'; Build Type 'Release'
OS: 'Windows 10  (10.0.19045) 64bit Professional' Language: 'ko' Physical Memory: 32720 MB
BatchMode: 1, IsHumanControllingUs: 0, StartBugReporterOnCrash: 0, Is64bit: 1, IsPro: 1

COMMAND LINE ARGUMENTS:
C:\Program Files\Unity\Hub\Editor\2022.3.40f1\Editor\Unity.exe
-adb2
-batchMode
-noUpm
-name
AssetImportWorker5
-projectPath
D:/Soccer-Rush/Soccer-Rush
-logFile
Logs/AssetImportWorker5.log
-srvPort
2348
Successfully changed project path to: D:/Soccer-Rush/Soccer-Rush
D:/Soccer-Rush/Soccer-Rush
[UnityMemory] Configuration Parameters - Can be set up in boot.config
    "memorysetup-bucket-allocator-granularity=16"
    "memorysetup-bucket-allocator-bucket-count=8"
    "memorysetup-bucket-allocator-block-size=33554432"
    "memorysetup-bucket-allocator-block-count=8"
    "memorysetup-main-allocator-block-size=16777216"
    "memorysetup-thread-allocator-block-size=16777216"
    "memorysetup-gfx-main-allocator-block-size=16777216"
    "memorysetup-gfx-thread-allocator-block-size=16777216"
    "memorysetup-cache-allocator-block-size=4194304"
    "memorysetup-typetree-allocator-block-size=2097152"
    "memorysetup-profiler-bucket-allocator-granularity=16"
    "memorysetup-profiler-bucket-allocator-bucket-count=8"
    "memorysetup-profiler-bucket-allocator-block-size=33554432"
    "memorysetup-profiler-bucket-allocator-block-count=8"
    "memorysetup-profiler-allocator-block-size=16777216"
    "memorysetup-profiler-editor-allocator-block-size=1048576"
    "memorysetup-temp-allocator-size-main=16777216"
    "memorysetup-job-temp-allocator-block-size=2097152"
    "memorysetup-job-temp-allocator-block-size-background=1048576"
    "memorysetup-job-temp-allocator-reduction-small-platforms=262144"
    "memorysetup-allocator-temp-initial-block-size-main=262144"
    "memorysetup-allocator-temp-initial-block-size-worker=262144"
    "memorysetup-temp-allocator-size-background-worker=32768"
    "memorysetup-temp-allocator-size-job-worker=262144"
    "memorysetup-temp-allocator-size-preload-manager=33554432"
    "memorysetup-temp-allocator-size-nav-mesh-worker=65536"
    "memorysetup-temp-allocator-size-audio-worker=65536"
    "memorysetup-temp-allocator-size-cloud-worker=32768"
    "memorysetup-temp-allocator-size-gi-baking-worker=262144"
    "memorysetup-temp-allocator-size-gfx=262144"
Player connection [20528]  Target information:

Player connection [20528]  * "[IP] 210.218.158.64 [Port] 0 [Flags] 2 [Guid] 1128391259 [EditorId] 1128391259 [Version] 1048832 [Id] WindowsEditor(7,DESKTOP-CTGB9VO) [Debug] 1 [PackageName] WindowsEditor [ProjectName] Editor" 

Player connection [20528]  * "[IP] 192.168.56.1 [Port] 0 [Flags] 2 [Guid] 1128391259 [EditorId] 1128391259 [Version] 1048832 [Id] WindowsEditor(7,DESKTOP-CTGB9VO) [Debug] 1 [PackageName] WindowsEditor [ProjectName] Editor" 

Player connection [20528] Host joined multi-casting on [225.0.0.222:54997]...
Player connection [20528] Host joined alternative multi-casting on [225.0.0.222:34997]...
[PhysX] Initialized MultithreadedTaskDispatcher with 8 workers.
Refreshing native plugins compatible for Editor in 16.66 ms, found 3 plugins.
Preloading 0 native plugins for Editor in 0.00 ms.
Initialize engine version: 2022.3.40f1 (cbdda657d2f0)
[Subsystems] Discovering subsystems at path C:/Program Files/Unity/Hub/Editor/2022.3.40f1/Editor/Data/Resources/UnitySubsystems
[Subsystems] Discovering subsystems at path D:/Soccer-Rush/Soccer-Rush/Assets
GfxDevice: creating device client; threaded=0; jobified=0
Direct3D:
    Version:  Direct3D 11.0 [level 11.1]
    Renderer: NVIDIA GeForce RTX 2070 SUPER (ID=0x1e84)
    Vendor:   NVIDIA
    VRAM:     7989 MB
    Driver:   32.0.15.6094
Initialize mono
Mono path[0] = 'C:/Program Files/Unity/Hub/Editor/2022.3.40f1/Editor/Data/Managed'
Mono path[1] = 'C:/Program Files/Unity/Hub/Editor/2022.3.40f1/Editor/Data/MonoBleedingEdge/lib/mono/unityjit-win32'
Mono config path = 'C:/Program Files/Unity/Hub/Editor/2022.3.40f1/Editor/Data/MonoBleedingEdge/etc'
Using monoOptions --debugger-agent=transport=dt_socket,embedding=1,server=y,suspend=n,address=127.0.0.1:56728
Begin MonoManager ReloadAssembly
Registering precompiled unity dll's ...
Register platform support module: C:/Program Files/Unity/Hub/Editor/2022.3.40f1/Editor/Data/PlaybackEngines/WebGLSupport/UnityEditor.WebGL.Extensions.dll
Register platform support module: C:/Program Files/Unity/Hub/Editor/2022.3.40f1/Editor/Data/PlaybackEngines/AndroidPlayer/UnityEditor.Android.Extensions.dll
Register platform support module: C:/Program Files/Unity/Hub/Editor/2022.3.40f1/Editor/Data/PlaybackEngines/WindowsStandaloneSupport/UnityEditor.WindowsStandalone.Extensions.dll
Registered in 0.038897 seconds.
- Loaded All Assemblies, in  0.579 seconds
Native extension for WindowsStandalone target not found
Native extension for Android target not found
Android Extension - Scanning For ADB Devices 5338 ms
Native extension for WebGL target not found
Mono: successfully reloaded assembly
- Finished resetting the current domain, in  5.760 seconds
Domain Reload Profiling: 6332ms
	BeginReloadAssembly (176ms)
		ExecutionOrderSort (0ms)
		DisableScriptedObjects (0ms)
		BackupInstance (0ms)
		ReleaseScriptingObjects (0ms)
		CreateAndSetChildDomain (1ms)
	RebuildCommonClasses (47ms)
	RebuildNativeTypeToScriptingClass (13ms)
	initialDomainReloadingComplete (125ms)
	LoadAllAssembliesAndSetupDomain (210ms)
		LoadAssemblies (172ms)
		RebuildTransferFunctionScriptingTraits (0ms)
		AnalyzeDomain (205ms)
			TypeCache.Refresh (203ms)
				TypeCache.ScanAssembly (185ms)
			ScanForSourceGeneratedMonoScriptInfo (0ms)
			ResolveRequiredComponents (0ms)
	FinalizeReload (5761ms)
		ReleaseScriptCaches (0ms)
		RebuildScriptCaches (0ms)
		SetupLoadedEditorAssemblies (5702ms)
			LogAssemblyErrors (0ms)
			InitializePlatformSupportModulesInManaged (5485ms)
			SetLoadedEditorAssemblies (5ms)
			RefreshPlugins (0ms)
			BeforeProcessingInitializeOnLoad (2ms)
			ProcessInitializeOnLoadAttributes (140ms)
			ProcessInitializeOnLoadMethodAttributes (71ms)
			AfterProcessingInitializeOnLoad (0ms)
			EditorAssembliesLoaded (0ms)
		ExecutionOrderSort2 (0ms)
		AwakeInstancesAfterBackupRestoration (0ms)
========================================================================
Worker process is ready to serve import requests
Caller must complete domain reload
Begin MonoManager ReloadAssembly
- Loaded All Assemblies, in  0.895 seconds
Native extension for WindowsStandalone target not found
Native extension for Android target not found
Native extension for WebGL target not found
Mono: successfully reloaded assembly
Package Manager log level set to [2]
[Package Manager] Server::EnsureServerProcessIsRunning -- launch failed, reason: Unity was launched with the -noUpm command-line argument
[Package Manager] UpmClient::Send -- Unable to send message (not connected to UPM process).
[Package Manager] Cannot connect to Unity Package Manager local server
[Package Manager] Server::EnsureServerProcessIsRunning -- launch failed, reason: Unity was launched with the -noUpm command-line argument
[Package Manager] UpmClient::Send -- Unable to send message (not connected to UPM process).
[Package Manager] Cannot connect to Unity Package Manager local server
- Finished resetting the current domain, in  0.832 seconds
Domain Reload Profiling: 1719ms
	BeginReloadAssembly (214ms)
		ExecutionOrderSort (0ms)
		DisableScriptedObjects (6ms)
		BackupInstance (0ms)
		ReleaseScriptingObjects (0ms)
		CreateAndSetChildDomain (24ms)
	RebuildCommonClasses (43ms)
	RebuildNativeTypeToScriptingClass (12ms)
	initialDomainReloadingComplete (65ms)
	LoadAllAssembliesAndSetupDomain (552ms)
		LoadAssemblies (482ms)
		RebuildTransferFunctionScriptingTraits (0ms)
		AnalyzeDomain (209ms)
			TypeCache.Refresh (178ms)
				TypeCache.ScanAssembly (155ms)
			ScanForSourceGeneratedMonoScriptInfo (23ms)
			ResolveRequiredComponents (8ms)
	FinalizeReload (833ms)
		ReleaseScriptCaches (0ms)
		RebuildScriptCaches (0ms)
		SetupLoadedEditorAssemblies (644ms)
			LogAssemblyErrors (0ms)
			InitializePlatformSupportModulesInManaged (48ms)
			SetLoadedEditorAssemblies (4ms)
			RefreshPlugins (0ms)
			BeforeProcessingInitializeOnLoad (98ms)
			ProcessInitializeOnLoadAttributes (442ms)
			ProcessInitializeOnLoadMethodAttributes (25ms)
			AfterProcessingInitializeOnLoad (26ms)
			EditorAssembliesLoaded (0ms)
		ExecutionOrderSort2 (0ms)
		AwakeInstancesAfterBackupRestoration (16ms)
Launched and connected shader compiler UnityShaderCompiler.exe after 0.10 seconds
Refreshing native plugins compatible for Editor in 9.21 ms, found 3 plugins.
Preloading 0 native plugins for Editor in 0.00 ms.
Unloading 3804 Unused Serialized files (Serialized files now loaded: 0)
Unloading 32 unused Assets / (175.1 KB). Loaded Objects now: 4275.
Memory consumption went from 150.9 MB to 150.7 MB.
Total: 4.008100 ms (FindLiveObjects: 0.286600 ms CreateObjectMapping: 0.231900 ms MarkObjects: 3.353500 ms  DeleteObjects: 0.135100 ms)

AssetImportParameters requested are different than current active one (requested -> active):
  custom:container-demuxer-ogg: 62fdf1f143b41e24485cea50d1cbac27 -> 
  custom:video-decoder-ogg-theora: a1e56fd34408186e4bbccfd4996cb3dc -> 
  custom:framework-win-MediaFoundation: 216162199b28c13a410421893ffa2e32 -> 
  custom:CustomObjectIndexerAttribute: 9a22284fe3817be447336de3de66b15e -> 
  custom:container-demuxer-webm: 4f35f7cbe854078d1ac9338744f61a02 -> 
  custom:container-muxer-webm: aa71ff27fc2769a1b78a27578f13a17b -> 
  custom:video-decoder-webm-vp8: 9c59270c3fd7afecdb556c50c9e8de78 -> 
  custom:SearchIndexIgnoredProperties: e643bd26f0fe6173181afceb89e7c659 -> 
  custom:AudioImporter_EditorPlatform: d09bf68614088b80899f8185d706f6e7 -> 
  custom:video-encoder-webm-vp8: eb34c28f22e8b96e1ab97ce403110664 -> 
  custom:audio-decoder-ogg-vorbis: bf7c407c2cedff20999df2af8eb42d56 -> 
  custom:audio-encoder-webm-vorbis: bf7c407c2cedff20999df2af8eb42d56 -> 
========================================================================
Received Import Request.
  Time since last request: 5150.600904 seconds.
  path: Assets/RyulAsset/UI/GUI Pro Kit - Casual Game/PNG/Sprite/Demo/Demo_Icon/Icon_ImageIcon_Badge_Best.png
  artifactKey: Guid(4ba22ce0fdc0b2c40868f1678a152321) Importer(815301076,1909f56bfc062723c751e8b465ee728b)
Start importing Assets/RyulAsset/UI/GUI Pro Kit - Casual Game/PNG/Sprite/Demo/Demo_Icon/Icon_ImageIcon_Badge_Best.png using Guid(4ba22ce0fdc0b2c40868f1678a152321) Importer(815301076,1909f56bfc062723c751e8b465ee728b) [PhysX] Initialized MultithreadedTaskDispatcher with 8 workers.
[PhysX] Initialized MultithreadedTaskDispatcher with 8 workers.
 -> (artifact id: '6bcba1bb9865740ad800b188b3e79508') in 0.183264 seconds
Number of updated asset objects reloaded before import = 0
Number of asset objects unloaded after import = 3
========================================================================
Received Import Request.
  Time since last request: 0.000056 seconds.
  path: Assets/RyulAsset/UI/GUI Pro Kit - Casual Game/PNG/Sprite/Demo/Demo_Icon/Icon_ImageIcon_ClearStamp_s.png
  artifactKey: Guid(e26dffc4070c8694a9af6b35c0e60523) Importer(815301076,1909f56bfc062723c751e8b465ee728b)
Start importing Assets/RyulAsset/UI/GUI Pro Kit - Casual Game/PNG/Sprite/Demo/Demo_Icon/Icon_ImageIcon_ClearStamp_s.png using Guid(e26dffc4070c8694a9af6b35c0e60523) Importer(815301076,1909f56bfc062723c751e8b465ee728b) [PhysX] Initialized MultithreadedTaskDispatcher with 8 workers.
[PhysX] Initialized MultithreadedTaskDispatcher with 8 workers.
 -> (artifact id: 'fe967c452d72f2c69c7f28e3da16a68d') in 0.039117 seconds
Number of updated asset objects reloaded before import = 0
Number of asset objects unloaded after import = 3
========================================================================
Received Import Request.
  Time since last request: 0.000041 seconds.
  path: Assets/RyulAsset/UI/GUI Pro Kit - Casual Game/PNG/Sprite/Demo/Demo_Icon/Icon_ImageIcon_Chat.png
  artifactKey: Guid(0c6584171b4714441b5653994a50e70b) Importer(815301076,1909f56bfc062723c751e8b465ee728b)
Start importing Assets/RyulAsset/UI/GUI Pro Kit - Casual Game/PNG/Sprite/Demo/Demo_Icon/Icon_ImageIcon_Chat.png using Guid(0c6584171b4714441b5653994a50e70b) Importer(815301076,1909f56bfc062723c751e8b465ee728b) [PhysX] Initialized MultithreadedTaskDispatcher with 8 workers.
[PhysX] Initialized MultithreadedTaskDispatcher with 8 workers.
 -> (artifact id: '2b9c3175be34fd64bec7ffa6e186e3b3') in 0.028199 seconds
Number of updated asset objects reloaded before import = 0
Number of asset objects unloaded after import = 3
========================================================================
Received Import Request.
  Time since last request: 0.000022 seconds.
  path: Assets/RyulAsset/UI/GUI Pro Kit - Casual Game/PNG/Sprite/Demo/Demo_Icon/Icon_ImageIcon_Ad_01_s.png
  artifactKey: Guid(80c8680573081134fb57301b318bcd36) Importer(815301076,1909f56bfc062723c751e8b465ee728b)
Start importing Assets/RyulAsset/UI/GUI Pro Kit - Casual Game/PNG/Sprite/Demo/Demo_Icon/Icon_ImageIcon_Ad_01_s.png using Guid(80c8680573081134fb57301b318bcd36) Importer(815301076,1909f56bfc062723c751e8b465ee728b) [PhysX] Initialized MultithreadedTaskDispatcher with 8 workers.
[PhysX] Initialized MultithreadedTaskDispatcher with 8 workers.
 -> (artifact id: 'ef8abb3825f37c4d705e606c9e5b08d1') in 0.032599 seconds
Number of updated asset objects reloaded before import = 0
Number of asset objects unloaded after import = 3
========================================================================
Received Import Request.
  Time since last request: 0.000176 seconds.
  path: Assets/RyulAsset/UI/GUI Pro Kit - Casual Game/PNG/Sprite/Demo/Demo_Icon/Icon_ImageIcon_Crown_Silver.png
  artifactKey: Guid(e7a9c4713cc9898419c0f4cd3fe5c473) Importer(815301076,1909f56bfc062723c751e8b465ee728b)
Start importing Assets/RyulAsset/UI/GUI Pro Kit - Casual Game/PNG/Sprite/Demo/Demo_Icon/Icon_ImageIcon_Crown_Silver.png using Guid(e7a9c4713cc9898419c0f4cd3fe5c473) Importer(815301076,1909f56bfc062723c751e8b465ee728b) [PhysX] Initialized MultithreadedTaskDispatcher with 8 workers.
[PhysX] Initialized MultithreadedTaskDispatcher with 8 workers.
 -> (artifact id: 'ae555febeea4a3669e2d8f29b734df83') in 0.020412 seconds
Number of updated asset objects reloaded before import = 0
Number of asset objects unloaded after import = 3
========================================================================
Received Import Request.
  Time since last request: 0.000022 seconds.
  path: Assets/RyulAsset/UI/GUI Pro Kit - Casual Game/PNG/Sprite/Demo/Demo_Icon/Icon_ChestIcon_Blue02_s.png
  artifactKey: Guid(b5844e489a8a13c4bbbdb2c4a05e698c) Importer(815301076,1909f56bfc062723c751e8b465ee728b)
Start importing Assets/RyulAsset/UI/GUI Pro Kit - Casual Game/PNG/Sprite/Demo/Demo_Icon/Icon_ChestIcon_Blue02_s.png using Guid(b5844e489a8a13c4bbbdb2c4a05e698c) Importer(815301076,1909f56bfc062723c751e8b465ee728b) [PhysX] Initialized MultithreadedTaskDispatcher with 8 workers.
[PhysX] Initialized MultithreadedTaskDispatcher with 8 workers.
 -> (artifact id: 'c7610f1a89751ec641c2591eec2d5b67') in 0.026941 seconds
Number of updated asset objects reloaded before import = 0
Number of asset objects unloaded after import = 3
========================================================================
Received Import Request.
  Time since last request: 0.000140 seconds.
  path: Assets/RyulAsset/UI/GUI Pro Kit - Casual Game/PNG/Sprite/Demo/Demo_Icon/Icon_ChestIcon_Blue03_l.png
  artifactKey: Guid(7417e61d2a761714597666769e1c41d0) Importer(815301076,1909f56bfc062723c751e8b465ee728b)
Start importing Assets/RyulAsset/UI/GUI Pro Kit - Casual Game/PNG/Sprite/Demo/Demo_Icon/Icon_ChestIcon_Blue03_l.png using Guid(7417e61d2a761714597666769e1c41d0) Importer(815301076,1909f56bfc062723c751e8b465ee728b) [PhysX] Initialized MultithreadedTaskDispatcher with 8 workers.
[PhysX] Initialized MultithreadedTaskDispatcher with 8 workers.
 -> (artifact id: 'c5a65754b438c0e47be2aa840079e2da') in 0.032026 seconds
Number of updated asset objects reloaded before import = 0
Number of asset objects unloaded after import = 3
========================================================================
Received Import Request.
  Time since last request: 0.000026 seconds.
  path: Assets/RyulAsset/UI/GUI Pro Kit - Casual Game/PNG/Sprite/Demo/Demo_Icon/Icon_ImageIcon_Ad_00_l.png
  artifactKey: Guid(f47c54cfc5705fd498000fc9480c2c5a) Importer(815301076,1909f56bfc062723c751e8b465ee728b)
Start importing Assets/RyulAsset/UI/GUI Pro Kit - Casual Game/PNG/Sprite/Demo/Demo_Icon/Icon_ImageIcon_Ad_00_l.png using Guid(f47c54cfc5705fd498000fc9480c2c5a) Importer(815301076,1909f56bfc062723c751e8b465ee728b) [PhysX] Initialized MultithreadedTaskDispatcher with 8 workers.
[PhysX] Initialized MultithreadedTaskDispatcher with 8 workers.
 -> (artifact id: '743908351a718d68a274998ffd974d34') in 0.030462 seconds
Number of updated asset objects reloaded before import = 0
Number of asset objects unloaded after import = 3
========================================================================
Received Import Request.
  Time since last request: 0.000024 seconds.
  path: Assets/RyulAsset/UI/GUI Pro Kit - Casual Game/PNG/Sprite/Demo/Demo_Icon/Icon_ChestIcon_Gold01_s.png
  artifactKey: Guid(717db8b60f4ab214aaa1d39eb01fb06c) Importer(815301076,1909f56bfc062723c751e8b465ee728b)
Start importing Assets/RyulAsset/UI/GUI Pro Kit - Casual Game/PNG/Sprite/Demo/Demo_Icon/Icon_ChestIcon_Gold01_s.png using Guid(717db8b60f4ab214aaa1d39eb01fb06c) Importer(815301076,1909f56bfc062723c751e8b465ee728b) [PhysX] Initialized MultithreadedTaskDispatcher with 8 workers.
[PhysX] Initialized MultithreadedTaskDispatcher with 8 workers.
 -> (artifact id: 'a18291b38b870515de0bd597edbe655d') in 0.017250 seconds
Number of updated asset objects reloaded before import = 0
Number of asset objects unloaded after import = 3
========================================================================
Received Import Request.
  Time since last request: 0.000021 seconds.
  path: Assets/RyulAsset/UI/GUI Pro Kit - Casual Game/PNG/Sprite/Demo/Demo_Icon/Icon_ImageIcon_Energy.png
  artifactKey: Guid(66a44145a4ddd504d877e74c1eee9f0d) Importer(815301076,1909f56bfc062723c751e8b465ee728b)
Start importing Assets/RyulAsset/UI/GUI Pro Kit - Casual Game/PNG/Sprite/Demo/Demo_Icon/Icon_ImageIcon_Energy.png using Guid(66a44145a4ddd504d877e74c1eee9f0d) Importer(815301076,1909f56bfc062723c751e8b465ee728b) [PhysX] Initialized MultithreadedTaskDispatcher with 8 workers.
[PhysX] Initialized MultithreadedTaskDispatcher with 8 workers.
 -> (artifact id: 'e0a881bdc79d590f09970720a9205a82') in 0.013016 seconds
Number of updated asset objects reloaded before import = 0
Number of asset objects unloaded after import = 3
========================================================================
Received Import Request.
  Time since last request: 0.000021 seconds.
  path: Assets/RyulAsset/UI/GUI Pro Kit - Casual Game/PNG/Sprite/Demo/Demo_Icon/Icon_ImageIcon_Crown_Gold.Png
  artifactKey: Guid(6f00c97c1718d6e42a91816034bb39d2) Importer(815301076,1909f56bfc062723c751e8b465ee728b)
Start importing Assets/RyulAsset/UI/GUI Pro Kit - Casual Game/PNG/Sprite/Demo/Demo_Icon/Icon_ImageIcon_Crown_Gold.Png using Guid(6f00c97c1718d6e42a91816034bb39d2) Importer(815301076,1909f56bfc062723c751e8b465ee728b) [PhysX] Initialized MultithreadedTaskDispatcher with 8 workers.
[PhysX] Initialized MultithreadedTaskDispatcher with 8 workers.
 -> (artifact id: '13a55f68813431dd03f7e9af1739ffe7') in 0.013899 seconds
Number of updated asset objects reloaded before import = 0
Number of asset objects unloaded after import = 3
Editor requested this worker to shutdown with reason: Scaling down because of idle timeout
TcpMessagingSession - receive error: operation aborted. errorcode: 995, details: 스레드 종료 또는 응용 프로그램 요청 때문에 I/O 작업이 취소되었습니다.
AssetImportWorker is now disconnected from the server
Process exiting
Exiting without the bug reporter. Application will terminate with return code 0