Using pre-set license
Built from '2022.3/staging' branch; Version is '2022.3.40f1 (cbdda657d2f0) revision 13360550'; Using compiler version '192829333'; Build Type 'Release'
OS: 'Windows 10  (10.0.19045) 64bit Professional' Language: 'ko' Physical Memory: 32720 MB
BatchMode: 1, IsHumanControllingUs: 0, StartBugReporterOnCrash: 0, Is64bit: 1, IsPro: 1

COMMAND LINE ARGUMENTS:
C:\Program Files\Unity\Hub\Editor\2022.3.40f1\Editor\Unity.exe
-adb2
-batchMode
-noUpm
-name
AssetImportWorker9
-projectPath
D:/Soccer-Rush/Soccer-Rush
-logFile
Logs/AssetImportWorker9.log
-srvPort
10701
Successfully changed project path to: D:/Soccer-Rush/Soccer-Rush
D:/Soccer-Rush/Soccer-Rush
[UnityMemory] Configuration Parameters - Can be set up in boot.config
    "memorysetup-bucket-allocator-granularity=16"
    "memorysetup-bucket-allocator-bucket-count=8"
    "memorysetup-bucket-allocator-block-size=33554432"
    "memorysetup-bucket-allocator-block-count=8"
    "memorysetup-main-allocator-block-size=16777216"
    "memorysetup-thread-allocator-block-size=16777216"
    "memorysetup-gfx-main-allocator-block-size=16777216"
    "memorysetup-gfx-thread-allocator-block-size=16777216"
    "memorysetup-cache-allocator-block-size=4194304"
    "memorysetup-typetree-allocator-block-size=2097152"
    "memorysetup-profiler-bucket-allocator-granularity=16"
    "memorysetup-profiler-bucket-allocator-bucket-count=8"
    "memorysetup-profiler-bucket-allocator-block-size=33554432"
    "memorysetup-profiler-bucket-allocator-block-count=8"
    "memorysetup-profiler-allocator-block-size=16777216"
    "memorysetup-profiler-editor-allocator-block-size=1048576"
    "memorysetup-temp-allocator-size-main=16777216"
    "memorysetup-job-temp-allocator-block-size=2097152"
    "memorysetup-job-temp-allocator-block-size-background=1048576"
    "memorysetup-job-temp-allocator-reduction-small-platforms=262144"
    "memorysetup-allocator-temp-initial-block-size-main=262144"
    "memorysetup-allocator-temp-initial-block-size-worker=262144"
    "memorysetup-temp-allocator-size-background-worker=32768"
    "memorysetup-temp-allocator-size-job-worker=262144"
    "memorysetup-temp-allocator-size-preload-manager=33554432"
    "memorysetup-temp-allocator-size-nav-mesh-worker=65536"
    "memorysetup-temp-allocator-size-audio-worker=65536"
    "memorysetup-temp-allocator-size-cloud-worker=32768"
    "memorysetup-temp-allocator-size-gi-baking-worker=262144"
    "memorysetup-temp-allocator-size-gfx=262144"
Player connection [28540]  Target information:

Player connection [28540]  * "[IP] 210.218.158.64 [Port] 0 [Flags] 2 [Guid] 4108388877 [EditorId] 4108388877 [Version] 1048832 [Id] WindowsEditor(7,DESKTOP-CTGB9VO) [Debug] 1 [PackageName] WindowsEditor [ProjectName] Editor" 

Player connection [28540]  * "[IP] 192.168.56.1 [Port] 0 [Flags] 2 [Guid] 4108388877 [EditorId] 4108388877 [Version] 1048832 [Id] WindowsEditor(7,DESKTOP-CTGB9VO) [Debug] 1 [PackageName] WindowsEditor [ProjectName] Editor" 

Player connection [28540] Host joined multi-casting on [225.0.0.222:54997]...
Player connection [28540] Host joined alternative multi-casting on [225.0.0.222:34997]...
[PhysX] Initialized MultithreadedTaskDispatcher with 8 workers.
Refreshing native plugins compatible for Editor in 42.82 ms, found 3 plugins.
Preloading 0 native plugins for Editor in 0.00 ms.
Initialize engine version: 2022.3.40f1 (cbdda657d2f0)
[Subsystems] Discovering subsystems at path C:/Program Files/Unity/Hub/Editor/2022.3.40f1/Editor/Data/Resources/UnitySubsystems
[Subsystems] Discovering subsystems at path D:/Soccer-Rush/Soccer-Rush/Assets
GfxDevice: creating device client; threaded=0; jobified=0
Direct3D:
    Version:  Direct3D 11.0 [level 11.1]
    Renderer: NVIDIA GeForce RTX 2070 SUPER (ID=0x1e84)
    Vendor:   NVIDIA
    VRAM:     7989 MB
    Driver:   32.0.15.6094
Initialize mono
Mono path[0] = 'C:/Program Files/Unity/Hub/Editor/2022.3.40f1/Editor/Data/Managed'
Mono path[1] = 'C:/Program Files/Unity/Hub/Editor/2022.3.40f1/Editor/Data/MonoBleedingEdge/lib/mono/unityjit-win32'
Mono config path = 'C:/Program Files/Unity/Hub/Editor/2022.3.40f1/Editor/Data/MonoBleedingEdge/etc'
Using monoOptions --debugger-agent=transport=dt_socket,embedding=1,server=y,suspend=n,address=127.0.0.1:56284
Begin MonoManager ReloadAssembly
Registering precompiled unity dll's ...
Register platform support module: C:/Program Files/Unity/Hub/Editor/2022.3.40f1/Editor/Data/PlaybackEngines/WebGLSupport/UnityEditor.WebGL.Extensions.dll
Register platform support module: C:/Program Files/Unity/Hub/Editor/2022.3.40f1/Editor/Data/PlaybackEngines/AndroidPlayer/UnityEditor.Android.Extensions.dll
Register platform support module: C:/Program Files/Unity/Hub/Editor/2022.3.40f1/Editor/Data/PlaybackEngines/WindowsStandaloneSupport/UnityEditor.WindowsStandalone.Extensions.dll
Registered in 0.051121 seconds.
- Loaded All Assemblies, in  0.797 seconds
Native extension for WindowsStandalone target not found
Native extension for Android target not found
Android Extension - Scanning For ADB Devices 3895 ms
Native extension for WebGL target not found
Mono: successfully reloaded assembly
- Finished resetting the current domain, in  4.342 seconds
Domain Reload Profiling: 5132ms
	BeginReloadAssembly (243ms)
		ExecutionOrderSort (0ms)
		DisableScriptedObjects (0ms)
		BackupInstance (0ms)
		ReleaseScriptingObjects (0ms)
		CreateAndSetChildDomain (1ms)
	RebuildCommonClasses (68ms)
	RebuildNativeTypeToScriptingClass (19ms)
	initialDomainReloadingComplete (176ms)
	LoadAllAssembliesAndSetupDomain (283ms)
		LoadAssemblies (239ms)
		RebuildTransferFunctionScriptingTraits (0ms)
		AnalyzeDomain (277ms)
			TypeCache.Refresh (274ms)
				TypeCache.ScanAssembly (252ms)
			ScanForSourceGeneratedMonoScriptInfo (1ms)
			ResolveRequiredComponents (1ms)
	FinalizeReload (4342ms)
		ReleaseScriptCaches (0ms)
		RebuildScriptCaches (0ms)
		SetupLoadedEditorAssemblies (4279ms)
			LogAssemblyErrors (0ms)
			InitializePlatformSupportModulesInManaged (4065ms)
			SetLoadedEditorAssemblies (5ms)
			RefreshPlugins (0ms)
			BeforeProcessingInitializeOnLoad (3ms)
			ProcessInitializeOnLoadAttributes (141ms)
			ProcessInitializeOnLoadMethodAttributes (65ms)
			AfterProcessingInitializeOnLoad (0ms)
			EditorAssembliesLoaded (0ms)
		ExecutionOrderSort2 (0ms)
		AwakeInstancesAfterBackupRestoration (0ms)
========================================================================
Worker process is ready to serve import requests
Caller must complete domain reload
Begin MonoManager ReloadAssembly
- Loaded All Assemblies, in  1.057 seconds
Native extension for WindowsStandalone target not found
Native extension for Android target not found
Native extension for WebGL target not found
Mono: successfully reloaded assembly
Package Manager log level set to [2]
[Package Manager] Server::EnsureServerProcessIsRunning -- launch failed, reason: Unity was launched with the -noUpm command-line argument
[Package Manager] UpmClient::Send -- Unable to send message (not connected to UPM process).
[Package Manager] Cannot connect to Unity Package Manager local server
[Package Manager] Server::EnsureServerProcessIsRunning -- launch failed, reason: Unity was launched with the -noUpm command-line argument
[Package Manager] UpmClient::Send -- Unable to send message (not connected to UPM process).
[Package Manager] Cannot connect to Unity Package Manager local server
- Finished resetting the current domain, in  1.132 seconds
Domain Reload Profiling: 2178ms
	BeginReloadAssembly (231ms)
		ExecutionOrderSort (0ms)
		DisableScriptedObjects (6ms)
		BackupInstance (0ms)
		ReleaseScriptingObjects (0ms)
		CreateAndSetChildDomain (28ms)
	RebuildCommonClasses (55ms)
	RebuildNativeTypeToScriptingClass (17ms)
	initialDomainReloadingComplete (96ms)
	LoadAllAssembliesAndSetupDomain (646ms)
		LoadAssemblies (542ms)
		RebuildTransferFunctionScriptingTraits (0ms)
		AnalyzeDomain (254ms)
			TypeCache.Refresh (207ms)
				TypeCache.ScanAssembly (182ms)
			ScanForSourceGeneratedMonoScriptInfo (35ms)
			ResolveRequiredComponents (11ms)
	FinalizeReload (1133ms)
		ReleaseScriptCaches (0ms)
		RebuildScriptCaches (0ms)
		SetupLoadedEditorAssemblies (886ms)
			LogAssemblyErrors (0ms)
			InitializePlatformSupportModulesInManaged (55ms)
			SetLoadedEditorAssemblies (4ms)
			RefreshPlugins (0ms)
			BeforeProcessingInitializeOnLoad (102ms)
			ProcessInitializeOnLoadAttributes (657ms)
			ProcessInitializeOnLoadMethodAttributes (35ms)
			AfterProcessingInitializeOnLoad (32ms)
			EditorAssembliesLoaded (0ms)
		ExecutionOrderSort2 (0ms)
		AwakeInstancesAfterBackupRestoration (23ms)
Launched and connected shader compiler UnityShaderCompiler.exe after 0.13 seconds
Refreshing native plugins compatible for Editor in 14.04 ms, found 3 plugins.
Preloading 0 native plugins for Editor in 0.00 ms.
Unloading 3804 Unused Serialized files (Serialized files now loaded: 0)
Unloading 32 unused Assets / (174.7 KB). Loaded Objects now: 4275.
Memory consumption went from 151.0 MB to 150.9 MB.
Total: 3.578000 ms (FindLiveObjects: 0.304400 ms CreateObjectMapping: 0.282900 ms MarkObjects: 2.768200 ms  DeleteObjects: 0.221400 ms)

AssetImportParameters requested are different than current active one (requested -> active):
  custom:container-demuxer-ogg: 62fdf1f143b41e24485cea50d1cbac27 -> 
  custom:video-decoder-ogg-theora: a1e56fd34408186e4bbccfd4996cb3dc -> 
  custom:framework-win-MediaFoundation: 216162199b28c13a410421893ffa2e32 -> 
  custom:CustomObjectIndexerAttribute: 9a22284fe3817be447336de3de66b15e -> 
  custom:container-demuxer-webm: 4f35f7cbe854078d1ac9338744f61a02 -> 
  custom:container-muxer-webm: aa71ff27fc2769a1b78a27578f13a17b -> 
  custom:video-decoder-webm-vp8: 9c59270c3fd7afecdb556c50c9e8de78 -> 
  custom:SearchIndexIgnoredProperties: e643bd26f0fe6173181afceb89e7c659 -> 
  custom:AudioImporter_EditorPlatform: d09bf68614088b80899f8185d706f6e7 -> 
  custom:video-encoder-webm-vp8: eb34c28f22e8b96e1ab97ce403110664 -> 
  custom:audio-decoder-ogg-vorbis: bf7c407c2cedff20999df2af8eb42d56 -> 
  custom:audio-encoder-webm-vorbis: bf7c407c2cedff20999df2af8eb42d56 -> 
========================================================================
Received Import Request.
  Time since last request: 22945.919140 seconds.
  path: Assets/RyulAsset/UI/GUI Pro Kit - Casual Game/PNG/Sprite/Component/Icon_PictoIcons(x2)/256/Pictoicon_Mission.Png
  artifactKey: Guid(2a8ff3831c3b1b240af9ab4744d20cc8) Importer(815301076,1909f56bfc062723c751e8b465ee728b)
Start importing Assets/RyulAsset/UI/GUI Pro Kit - Casual Game/PNG/Sprite/Component/Icon_PictoIcons(x2)/256/Pictoicon_Mission.Png using Guid(2a8ff3831c3b1b240af9ab4744d20cc8) Importer(815301076,1909f56bfc062723c751e8b465ee728b) [PhysX] Initialized MultithreadedTaskDispatcher with 8 workers.
[PhysX] Initialized MultithreadedTaskDispatcher with 8 workers.
 -> (artifact id: 'd0f01fa08b42369ac36c37e2591844a3') in 0.175089 seconds
Number of updated asset objects reloaded before import = 0
Number of asset objects unloaded after import = 3
========================================================================
Received Import Request.
  Time since last request: 0.000104 seconds.
  path: Assets/RyulAsset/UI/GUI Pro Kit - Casual Game/PNG/Sprite/Component/Icon_PictoIcons(x2)/256/Pictoicon_Slidebar.Png
  artifactKey: Guid(418ae5014ab21bc4b8ba9067bd8f7884) Importer(815301076,1909f56bfc062723c751e8b465ee728b)
Start importing Assets/RyulAsset/UI/GUI Pro Kit - Casual Game/PNG/Sprite/Component/Icon_PictoIcons(x2)/256/Pictoicon_Slidebar.Png using Guid(418ae5014ab21bc4b8ba9067bd8f7884) Importer(815301076,1909f56bfc062723c751e8b465ee728b) [PhysX] Initialized MultithreadedTaskDispatcher with 8 workers.
[PhysX] Initialized MultithreadedTaskDispatcher with 8 workers.
 -> (artifact id: '0ab8f7fc5610cff640bb8a1973f0cdf1') in 0.020990 seconds
Number of updated asset objects reloaded before import = 0
Number of asset objects unloaded after import = 3
========================================================================
Received Import Request.
  Time since last request: 0.000031 seconds.
  path: Assets/RyulAsset/UI/GUI Pro Kit - Casual Game/PNG/Sprite/Component/Icon_PictoIcons(x2)/256/Pictoicon_Switch.Png
  artifactKey: Guid(07b5c95c78bd9f1489c061e2637433da) Importer(815301076,1909f56bfc062723c751e8b465ee728b)
Start importing Assets/RyulAsset/UI/GUI Pro Kit - Casual Game/PNG/Sprite/Component/Icon_PictoIcons(x2)/256/Pictoicon_Switch.Png using Guid(07b5c95c78bd9f1489c061e2637433da) Importer(815301076,1909f56bfc062723c751e8b465ee728b) [PhysX] Initialized MultithreadedTaskDispatcher with 8 workers.
[PhysX] Initialized MultithreadedTaskDispatcher with 8 workers.
 -> (artifact id: 'a6475069c71e963469c7780bd6ea03dd') in 0.022076 seconds
Number of updated asset objects reloaded before import = 0
Number of asset objects unloaded after import = 3
========================================================================
Received Import Request.
  Time since last request: 0.000031 seconds.
  path: Assets/RyulAsset/UI/GUI Pro Kit - Casual Game/PNG/Sprite/Component/Icon_PictoIcons(x2)/256/Pictoicon_Undo.Png
  artifactKey: Guid(5923a51b2dcf2d14e94ba91d40d9ad98) Importer(815301076,1909f56bfc062723c751e8b465ee728b)
Start importing Assets/RyulAsset/UI/GUI Pro Kit - Casual Game/PNG/Sprite/Component/Icon_PictoIcons(x2)/256/Pictoicon_Undo.Png using Guid(5923a51b2dcf2d14e94ba91d40d9ad98) Importer(815301076,1909f56bfc062723c751e8b465ee728b) [PhysX] Initialized MultithreadedTaskDispatcher with 8 workers.
[PhysX] Initialized MultithreadedTaskDispatcher with 8 workers.
 -> (artifact id: '5187869581a928f9e07e72564de56db6') in 0.025112 seconds
Number of updated asset objects reloaded before import = 0
Number of asset objects unloaded after import = 3
========================================================================
Received Import Request.
  Time since last request: 0.000033 seconds.
  path: Assets/RyulAsset/UI/GUI Pro Kit - Casual Game/PNG/Sprite/Component/Icon_PictoIcons(x2)/256/Pictoicon_Yinyang.Png
  artifactKey: Guid(095ce20d80aba95458145e526e32992a) Importer(815301076,1909f56bfc062723c751e8b465ee728b)
Start importing Assets/RyulAsset/UI/GUI Pro Kit - Casual Game/PNG/Sprite/Component/Icon_PictoIcons(x2)/256/Pictoicon_Yinyang.Png using Guid(095ce20d80aba95458145e526e32992a) Importer(815301076,1909f56bfc062723c751e8b465ee728b) [PhysX] Initialized MultithreadedTaskDispatcher with 8 workers.
[PhysX] Initialized MultithreadedTaskDispatcher with 8 workers.
 -> (artifact id: '2c4a52d85928a2a9d66511e33455d3e9') in 0.019056 seconds
Number of updated asset objects reloaded before import = 0
Number of asset objects unloaded after import = 3
========================================================================
Received Import Request.
  Time since last request: 0.000031 seconds.
  path: Assets/RyulAsset/UI/GUI Pro Kit - Casual Game/PNG/Sprite/Component/Icon_PictoIcons(x2)/256/Pictoicon_Tv.Png
  artifactKey: Guid(6de3517dd0442a5489e1b129f8d90741) Importer(815301076,1909f56bfc062723c751e8b465ee728b)
Start importing Assets/RyulAsset/UI/GUI Pro Kit - Casual Game/PNG/Sprite/Component/Icon_PictoIcons(x2)/256/Pictoicon_Tv.Png using Guid(6de3517dd0442a5489e1b129f8d90741) Importer(815301076,1909f56bfc062723c751e8b465ee728b) [PhysX] Initialized MultithreadedTaskDispatcher with 8 workers.
[PhysX] Initialized MultithreadedTaskDispatcher with 8 workers.
 -> (artifact id: '9c5647a9bd90c6735b5aecf5ff54d7b8') in 0.024507 seconds
Number of updated asset objects reloaded before import = 0
Number of asset objects unloaded after import = 3
========================================================================
Received Import Request.
  Time since last request: 0.000033 seconds.
  path: Assets/RyulAsset/UI/GUI Pro Kit - Casual Game/PNG/Sprite/Component/Icon_PictoIcons(x2)/256/Pictoicon_Volume_Off.Png
  artifactKey: Guid(f8bf3dc3626a27f4a89f52204c8afe44) Importer(815301076,1909f56bfc062723c751e8b465ee728b)
Start importing Assets/RyulAsset/UI/GUI Pro Kit - Casual Game/PNG/Sprite/Component/Icon_PictoIcons(x2)/256/Pictoicon_Volume_Off.Png using Guid(f8bf3dc3626a27f4a89f52204c8afe44) Importer(815301076,1909f56bfc062723c751e8b465ee728b) [PhysX] Initialized MultithreadedTaskDispatcher with 8 workers.
[PhysX] Initialized MultithreadedTaskDispatcher with 8 workers.
 -> (artifact id: 'ebf4bee489922251f35e5ecfdc56a193') in 0.017713 seconds
Number of updated asset objects reloaded before import = 0
Number of asset objects unloaded after import = 3
========================================================================
Received Import Request.
  Time since last request: 0.000034 seconds.
  path: Assets/RyulAsset/UI/GUI Pro Kit - Casual Game/PNG/Sprite/Component/Icon_PictoIcons(x2)/256/Pictoicon_Reload.Png
  artifactKey: Guid(bbd10a81479a7454384f9a648d6a3a42) Importer(815301076,1909f56bfc062723c751e8b465ee728b)
Start importing Assets/RyulAsset/UI/GUI Pro Kit - Casual Game/PNG/Sprite/Component/Icon_PictoIcons(x2)/256/Pictoicon_Reload.Png using Guid(bbd10a81479a7454384f9a648d6a3a42) Importer(815301076,1909f56bfc062723c751e8b465ee728b) [PhysX] Initialized MultithreadedTaskDispatcher with 8 workers.
[PhysX] Initialized MultithreadedTaskDispatcher with 8 workers.
 -> (artifact id: 'e4e4af93db5ea757b2c72f4cc0fb0cdf') in 0.018586 seconds
Number of updated asset objects reloaded before import = 0
Number of asset objects unloaded after import = 3
========================================================================
Received Import Request.
  Time since last request: 0.000036 seconds.
  path: Assets/RyulAsset/UI/GUI Pro Kit - Casual Game/PNG/Sprite/Component/Icon_PictoIcons(x2)/256/Pictoicon_Sleep.Png
  artifactKey: Guid(3fe1102ba463e8e4288b1503e9c0f1cc) Importer(815301076,1909f56bfc062723c751e8b465ee728b)
Start importing Assets/RyulAsset/UI/GUI Pro Kit - Casual Game/PNG/Sprite/Component/Icon_PictoIcons(x2)/256/Pictoicon_Sleep.Png using Guid(3fe1102ba463e8e4288b1503e9c0f1cc) Importer(815301076,1909f56bfc062723c751e8b465ee728b) [PhysX] Initialized MultithreadedTaskDispatcher with 8 workers.
[PhysX] Initialized MultithreadedTaskDispatcher with 8 workers.
 -> (artifact id: 'f34b8b1605dbf4b142e6a0699b3b987e') in 0.022693 seconds
Number of updated asset objects reloaded before import = 0
Number of asset objects unloaded after import = 3
========================================================================
Received Import Request.
  Time since last request: 0.000027 seconds.
  path: Assets/RyulAsset/UI/GUI Pro Kit - Casual Game/PNG/Sprite/Component/Icon_PictoIcons(x2)/256/Pictoicon_Speed.Png
  artifactKey: Guid(f24318731d7c81845bf756759cf2b8b1) Importer(815301076,1909f56bfc062723c751e8b465ee728b)
Start importing Assets/RyulAsset/UI/GUI Pro Kit - Casual Game/PNG/Sprite/Component/Icon_PictoIcons(x2)/256/Pictoicon_Speed.Png using Guid(f24318731d7c81845bf756759cf2b8b1) Importer(815301076,1909f56bfc062723c751e8b465ee728b) [PhysX] Initialized MultithreadedTaskDispatcher with 8 workers.
[PhysX] Initialized MultithreadedTaskDispatcher with 8 workers.
 -> (artifact id: 'e214a96c4c8da45b7078b707b5a2582a') in 0.028332 seconds
Number of updated asset objects reloaded before import = 0
Number of asset objects unloaded after import = 3
========================================================================
Received Import Request.
  Time since last request: 0.000034 seconds.
  path: Assets/RyulAsset/UI/GUI Pro Kit - Casual Game/PNG/Sprite/Component/Icon_PictoIcons(x2)/256/Pictoicon_Reverse.Png
  artifactKey: Guid(06ced14394dac78419151a19eafabc1d) Importer(815301076,1909f56bfc062723c751e8b465ee728b)
Start importing Assets/RyulAsset/UI/GUI Pro Kit - Casual Game/PNG/Sprite/Component/Icon_PictoIcons(x2)/256/Pictoicon_Reverse.Png using Guid(06ced14394dac78419151a19eafabc1d) Importer(815301076,1909f56bfc062723c751e8b465ee728b) [PhysX] Initialized MultithreadedTaskDispatcher with 8 workers.
[PhysX] Initialized MultithreadedTaskDispatcher with 8 workers.
 -> (artifact id: '503e765b74f4b1b67dc1a295d0d3ff78') in 0.022280 seconds
Number of updated asset objects reloaded before import = 0
Number of asset objects unloaded after import = 3
========================================================================
Received Import Request.
  Time since last request: 0.000040 seconds.
  path: Assets/RyulAsset/UI/GUI Pro Kit - Casual Game/PNG/Sprite/Component/Icon_PictoIcons(x2)/256/Pictoicon_Nostop.Png
  artifactKey: Guid(b7a1396e0edbe7b4b942a47e6a4f49ee) Importer(815301076,1909f56bfc062723c751e8b465ee728b)
Start importing Assets/RyulAsset/UI/GUI Pro Kit - Casual Game/PNG/Sprite/Component/Icon_PictoIcons(x2)/256/Pictoicon_Nostop.Png using Guid(b7a1396e0edbe7b4b942a47e6a4f49ee) Importer(815301076,1909f56bfc062723c751e8b465ee728b) [PhysX] Initialized MultithreadedTaskDispatcher with 8 workers.
[PhysX] Initialized MultithreadedTaskDispatcher with 8 workers.
 -> (artifact id: '43eacfc6822596a0828ee5ef37c948fa') in 0.019226 seconds
Number of updated asset objects reloaded before import = 0
Number of asset objects unloaded after import = 3
========================================================================
Received Import Request.
  Time since last request: 0.000027 seconds.
  path: Assets/RyulAsset/UI/GUI Pro Kit - Casual Game/PNG/Sprite/Component/Icon_PictoIcons(x2)/256/Pictoicon_Stack.Png
  artifactKey: Guid(18c2de782eab8b546ab13ee192b4c138) Importer(815301076,1909f56bfc062723c751e8b465ee728b)
Start importing Assets/RyulAsset/UI/GUI Pro Kit - Casual Game/PNG/Sprite/Component/Icon_PictoIcons(x2)/256/Pictoicon_Stack.Png using Guid(18c2de782eab8b546ab13ee192b4c138) Importer(815301076,1909f56bfc062723c751e8b465ee728b) [PhysX] Initialized MultithreadedTaskDispatcher with 8 workers.
[PhysX] Initialized MultithreadedTaskDispatcher with 8 workers.
 -> (artifact id: 'c41a5cd96ce2bc195d30941b829cc90f') in 0.017786 seconds
Number of updated asset objects reloaded before import = 0
Number of asset objects unloaded after import = 3
========================================================================
Received Import Request.
  Time since last request: 0.000028 seconds.
  path: Assets/RyulAsset/UI/GUI Pro Kit - Casual Game/PNG/Sprite/Component/Icon_PictoIcons(x2)/256/Pictoicon_Qna.Png
  artifactKey: Guid(7f2aedafca90d1241af11d483143c0b8) Importer(815301076,1909f56bfc062723c751e8b465ee728b)
Start importing Assets/RyulAsset/UI/GUI Pro Kit - Casual Game/PNG/Sprite/Component/Icon_PictoIcons(x2)/256/Pictoicon_Qna.Png using Guid(7f2aedafca90d1241af11d483143c0b8) Importer(815301076,1909f56bfc062723c751e8b465ee728b) [PhysX] Initialized MultithreadedTaskDispatcher with 8 workers.
[PhysX] Initialized MultithreadedTaskDispatcher with 8 workers.
 -> (artifact id: '1cdb83a9691aea2190a6f69afc019e61') in 0.017125 seconds
Number of updated asset objects reloaded before import = 0
Number of asset objects unloaded after import = 3
========================================================================
Received Import Request.
  Time since last request: 0.000033 seconds.
  path: Assets/RyulAsset/UI/GUI Pro Kit - Casual Game/PNG/Sprite/Component/Icon_PictoIcons(x2)/256/Pictoicon_Print.Png
  artifactKey: Guid(d0c02004fbaa58f41bdb58b0dce04f11) Importer(815301076,1909f56bfc062723c751e8b465ee728b)
Start importing Assets/RyulAsset/UI/GUI Pro Kit - Casual Game/PNG/Sprite/Component/Icon_PictoIcons(x2)/256/Pictoicon_Print.Png using Guid(d0c02004fbaa58f41bdb58b0dce04f11) Importer(815301076,1909f56bfc062723c751e8b465ee728b) [PhysX] Initialized MultithreadedTaskDispatcher with 8 workers.
[PhysX] Initialized MultithreadedTaskDispatcher with 8 workers.
 -> (artifact id: 'f807240683caf5f8534c73f6d2936e89') in 0.016642 seconds
Number of updated asset objects reloaded before import = 0
Number of asset objects unloaded after import = 3
========================================================================
Received Import Request.
  Time since last request: 0.000039 seconds.
  path: Assets/RyulAsset/UI/GUI Pro Kit - Casual Game/PNG/Sprite/Component/Icon_PictoIcons(x2)/256/Pictoicon_Tag.Png
  artifactKey: Guid(738510af4ff5dbe4ea7ac5cbcb9393f8) Importer(815301076,1909f56bfc062723c751e8b465ee728b)
Start importing Assets/RyulAsset/UI/GUI Pro Kit - Casual Game/PNG/Sprite/Component/Icon_PictoIcons(x2)/256/Pictoicon_Tag.Png using Guid(738510af4ff5dbe4ea7ac5cbcb9393f8) Importer(815301076,1909f56bfc062723c751e8b465ee728b) [PhysX] Initialized MultithreadedTaskDispatcher with 8 workers.
[PhysX] Initialized MultithreadedTaskDispatcher with 8 workers.
 -> (artifact id: 'b21cb8f5ef837bd370e0eedb86dd44c0') in 0.034890 seconds
Number of updated asset objects reloaded before import = 0
Number of asset objects unloaded after import = 3
========================================================================
Received Import Request.
  Time since last request: 0.000029 seconds.
  path: Assets/RyulAsset/UI/GUI Pro Kit - Casual Game/PNG/Sprite/Component/Icon_PictoIcons(x2)/256/Pictoicon_Post.Png
  artifactKey: Guid(05753dba58be5ad45b67c653c0fc091b) Importer(815301076,1909f56bfc062723c751e8b465ee728b)
Start importing Assets/RyulAsset/UI/GUI Pro Kit - Casual Game/PNG/Sprite/Component/Icon_PictoIcons(x2)/256/Pictoicon_Post.Png using Guid(05753dba58be5ad45b67c653c0fc091b) Importer(815301076,1909f56bfc062723c751e8b465ee728b) [PhysX] Initialized MultithreadedTaskDispatcher with 8 workers.
[PhysX] Initialized MultithreadedTaskDispatcher with 8 workers.
 -> (artifact id: '33990ce5069d0793a9f9c0a705a00cd5') in 0.020468 seconds
Number of updated asset objects reloaded before import = 0
Number of asset objects unloaded after import = 3
========================================================================
Received Import Request.
  Time since last request: 0.000030 seconds.
  path: Assets/RyulAsset/UI/GUI Pro Kit - Casual Game/PNG/Sprite/Component/Icon_PictoIcons(x2)/256/Pictoicon_Profile.Png
  artifactKey: Guid(1bae9db08cf41c94daaac0a3dec1cbb7) Importer(815301076,1909f56bfc062723c751e8b465ee728b)
Start importing Assets/RyulAsset/UI/GUI Pro Kit - Casual Game/PNG/Sprite/Component/Icon_PictoIcons(x2)/256/Pictoicon_Profile.Png using Guid(1bae9db08cf41c94daaac0a3dec1cbb7) Importer(815301076,1909f56bfc062723c751e8b465ee728b) [PhysX] Initialized MultithreadedTaskDispatcher with 8 workers.
[PhysX] Initialized MultithreadedTaskDispatcher with 8 workers.
 -> (artifact id: 'ea70795bb130661cf8205efa5d414efd') in 0.019467 seconds
Number of updated asset objects reloaded before import = 0
Number of asset objects unloaded after import = 3
========================================================================
Received Import Request.
  Time since last request: 0.000023 seconds.
  path: Assets/RyulAsset/UI/GUI Pro Kit - Casual Game/PNG/Sprite/Component/Icon_PictoIcons(x2)/256/Pictoicon_Photo.Png
  artifactKey: Guid(126c0cc4250790046998061dec341cf6) Importer(815301076,1909f56bfc062723c751e8b465ee728b)
Start importing Assets/RyulAsset/UI/GUI Pro Kit - Casual Game/PNG/Sprite/Component/Icon_PictoIcons(x2)/256/Pictoicon_Photo.Png using Guid(126c0cc4250790046998061dec341cf6) Importer(815301076,1909f56bfc062723c751e8b465ee728b) [PhysX] Initialized MultithreadedTaskDispatcher with 8 workers.
[PhysX] Initialized MultithreadedTaskDispatcher with 8 workers.
 -> (artifact id: '8b648f78b479358b7f24e441721de3c7') in 0.026740 seconds
Number of updated asset objects reloaded before import = 0
Number of asset objects unloaded after import = 3
========================================================================
Received Import Request.
  Time since last request: 0.000024 seconds.
  path: Assets/RyulAsset/UI/GUI Pro Kit - Casual Game/PNG/Sprite/Component/Icon_PictoIcons(x2)/256/Pictoicon_Wing.Png
  artifactKey: Guid(9ec67622d5156b04f85683a2e69f5166) Importer(815301076,1909f56bfc062723c751e8b465ee728b)
Start importing Assets/RyulAsset/UI/GUI Pro Kit - Casual Game/PNG/Sprite/Component/Icon_PictoIcons(x2)/256/Pictoicon_Wing.Png using Guid(9ec67622d5156b04f85683a2e69f5166) Importer(815301076,1909f56bfc062723c751e8b465ee728b) [PhysX] Initialized MultithreadedTaskDispatcher with 8 workers.
[PhysX] Initialized MultithreadedTaskDispatcher with 8 workers.
 -> (artifact id: 'accfaa7c5018d280e5aadbfa59a4ab85') in 0.036746 seconds
Number of updated asset objects reloaded before import = 0
Number of asset objects unloaded after import = 3
========================================================================
Received Import Request.
  Time since last request: 0.000028 seconds.
  path: Assets/RyulAsset/UI/GUI Pro Kit - Casual Game/PNG/Sprite/Component/Icon_PictoIcons(x2)/256/Pictoicon_Scale.Png
  artifactKey: Guid(7d856e41de1909f4f8776d3121f9e34e) Importer(815301076,1909f56bfc062723c751e8b465ee728b)
Start importing Assets/RyulAsset/UI/GUI Pro Kit - Casual Game/PNG/Sprite/Component/Icon_PictoIcons(x2)/256/Pictoicon_Scale.Png using Guid(7d856e41de1909f4f8776d3121f9e34e) Importer(815301076,1909f56bfc062723c751e8b465ee728b) [PhysX] Initialized MultithreadedTaskDispatcher with 8 workers.
[PhysX] Initialized MultithreadedTaskDispatcher with 8 workers.
 -> (artifact id: '4acd78618a2b22f264aaba24962760f0') in 0.032634 seconds
Number of updated asset objects reloaded before import = 0
Number of asset objects unloaded after import = 3
========================================================================
Received Import Request.
  Time since last request: 0.000040 seconds.
  path: Assets/RyulAsset/UI/GUI Pro Kit - Casual Game/PNG/Sprite/Component/Icon_PictoIcons(x2)/256/Pictoicon_Remove.Png
  artifactKey: Guid(70cb6fba1bc88224f86474beb1b12563) Importer(815301076,1909f56bfc062723c751e8b465ee728b)
Start importing Assets/RyulAsset/UI/GUI Pro Kit - Casual Game/PNG/Sprite/Component/Icon_PictoIcons(x2)/256/Pictoicon_Remove.Png using Guid(70cb6fba1bc88224f86474beb1b12563) Importer(815301076,1909f56bfc062723c751e8b465ee728b) [PhysX] Initialized MultithreadedTaskDispatcher with 8 workers.
[PhysX] Initialized MultithreadedTaskDispatcher with 8 workers.
 -> (artifact id: 'c7dd2f5736180159d541608afab73916') in 0.024242 seconds
Number of updated asset objects reloaded before import = 0
Number of asset objects unloaded after import = 3
========================================================================
Received Import Request.
  Time since last request: 0.000028 seconds.
  path: Assets/RyulAsset/UI/GUI Pro Kit - Casual Game/PNG/Sprite/Component/Icon_PictoIcons(x2)/256/Pictoicon_Signpost.Png
  artifactKey: Guid(9984fd6fdd39d194298f4ab59d6f9d3c) Importer(815301076,1909f56bfc062723c751e8b465ee728b)
Start importing Assets/RyulAsset/UI/GUI Pro Kit - Casual Game/PNG/Sprite/Component/Icon_PictoIcons(x2)/256/Pictoicon_Signpost.Png using Guid(9984fd6fdd39d194298f4ab59d6f9d3c) Importer(815301076,1909f56bfc062723c751e8b465ee728b) [PhysX] Initialized MultithreadedTaskDispatcher with 8 workers.
[PhysX] Initialized MultithreadedTaskDispatcher with 8 workers.
 -> (artifact id: '4f18ef2bfca29089193b360a311b869e') in 0.024658 seconds
Number of updated asset objects reloaded before import = 0
Number of asset objects unloaded after import = 3
========================================================================
Received Import Request.
  Time since last request: 0.000026 seconds.
  path: Assets/RyulAsset/UI/GUI Pro Kit - Casual Game/PNG/Sprite/Component/Icon_PictoIcons(x2)/256/Pictoicon_Talk_1.Png
  artifactKey: Guid(2d1bb6cfcaac5fd408b2e84374656c1e) Importer(815301076,1909f56bfc062723c751e8b465ee728b)
Start importing Assets/RyulAsset/UI/GUI Pro Kit - Casual Game/PNG/Sprite/Component/Icon_PictoIcons(x2)/256/Pictoicon_Talk_1.Png using Guid(2d1bb6cfcaac5fd408b2e84374656c1e) Importer(815301076,1909f56bfc062723c751e8b465ee728b) [PhysX] Initialized MultithreadedTaskDispatcher with 8 workers.
[PhysX] Initialized MultithreadedTaskDispatcher with 8 workers.
 -> (artifact id: '6cbb05a5333e9ba53866c15d41e7028a') in 0.020393 seconds
Number of updated asset objects reloaded before import = 0
Number of asset objects unloaded after import = 3
========================================================================
Received Import Request.
  Time since last request: 0.000453 seconds.
  path: Assets/RyulAsset/UI/GUI Pro Kit - Casual Game/PNG/Sprite/Component/Icon_PictoIcons(x2)/256/Pictoicon_Refresh.Png
  artifactKey: Guid(ded2ecad057356a4a86b52ecf2dec0d2) Importer(815301076,1909f56bfc062723c751e8b465ee728b)
Start importing Assets/RyulAsset/UI/GUI Pro Kit - Casual Game/PNG/Sprite/Component/Icon_PictoIcons(x2)/256/Pictoicon_Refresh.Png using Guid(ded2ecad057356a4a86b52ecf2dec0d2) Importer(815301076,1909f56bfc062723c751e8b465ee728b) [PhysX] Initialized MultithreadedTaskDispatcher with 8 workers.
[PhysX] Initialized MultithreadedTaskDispatcher with 8 workers.
 -> (artifact id: 'c240f07d15b0d1474da2ecf92582f3a9') in 0.026428 seconds
Number of updated asset objects reloaded before import = 0
Number of asset objects unloaded after import = 3
========================================================================
Received Import Request.
  Time since last request: 257.357285 seconds.
  path: Assets/RyulAsset/UI/GUI Pro Kit - Casual Game/PNG/Sprite/Component/Button/Btn_MainButton_Gray.Png
  artifactKey: Guid(b346c4caa06d84944b5311c01e81cac3) Importer(815301076,1909f56bfc062723c751e8b465ee728b)
Start importing Assets/RyulAsset/UI/GUI Pro Kit - Casual Game/PNG/Sprite/Component/Button/Btn_MainButton_Gray.Png using Guid(b346c4caa06d84944b5311c01e81cac3) Importer(815301076,1909f56bfc062723c751e8b465ee728b) [PhysX] Initialized MultithreadedTaskDispatcher with 8 workers.
[PhysX] Initialized MultithreadedTaskDispatcher with 8 workers.
 -> (artifact id: '37c769478580077ea4913859ece3190a') in 0.014047 seconds
Number of updated asset objects reloaded before import = 0
Number of asset objects unloaded after import = 3
========================================================================
Received Import Request.
  Time since last request: 0.024265 seconds.
  path: Assets/RyulAsset/UI/GUI Pro Kit - Casual Game/PNG/Sprite/Component/Button/Btn_MainButton_Orange.Png
  artifactKey: Guid(2a5ad32102ec27e47a4c68242a0d1739) Importer(815301076,1909f56bfc062723c751e8b465ee728b)
Start importing Assets/RyulAsset/UI/GUI Pro Kit - Casual Game/PNG/Sprite/Component/Button/Btn_MainButton_Orange.Png using Guid(2a5ad32102ec27e47a4c68242a0d1739) Importer(815301076,1909f56bfc062723c751e8b465ee728b) [PhysX] Initialized MultithreadedTaskDispatcher with 8 workers.
[PhysX] Initialized MultithreadedTaskDispatcher with 8 workers.
 -> (artifact id: 'fc5c4272d8ccab816837eaf3d8513cb0') in 0.020492 seconds
Number of updated asset objects reloaded before import = 0
Number of asset objects unloaded after import = 3
========================================================================
Received Import Request.
  Time since last request: 0.026488 seconds.
  path: Assets/RyulAsset/UI/GUI Pro Kit - Casual Game/PNG/Sprite/Component/Button/Btn_MainButton_Yellow.Png
  artifactKey: Guid(902ccc2a8e9777042824cb01807ee211) Importer(815301076,1909f56bfc062723c751e8b465ee728b)
Start importing Assets/RyulAsset/UI/GUI Pro Kit - Casual Game/PNG/Sprite/Component/Button/Btn_MainButton_Yellow.Png using Guid(902ccc2a8e9777042824cb01807ee211) Importer(815301076,1909f56bfc062723c751e8b465ee728b) [PhysX] Initialized MultithreadedTaskDispatcher with 8 workers.
[PhysX] Initialized MultithreadedTaskDispatcher with 8 workers.
 -> (artifact id: 'abcd15fd9748e61a6323814792e7b298') in 0.049161 seconds
Number of updated asset objects reloaded before import = 0
Number of asset objects unloaded after import = 3
========================================================================
Received Import Request.
  Time since last request: 0.000023 seconds.
  path: Assets/RyulAsset/UI/GUI Pro Kit - Casual Game/PNG/Sprite/Component/Button/Btn_MainButton_Sky.Png
  artifactKey: Guid(1700876831f20f54d8f5b94a2a256989) Importer(815301076,1909f56bfc062723c751e8b465ee728b)
Start importing Assets/RyulAsset/UI/GUI Pro Kit - Casual Game/PNG/Sprite/Component/Button/Btn_MainButton_Sky.Png using Guid(1700876831f20f54d8f5b94a2a256989) Importer(815301076,1909f56bfc062723c751e8b465ee728b) [PhysX] Initialized MultithreadedTaskDispatcher with 8 workers.
[PhysX] Initialized MultithreadedTaskDispatcher with 8 workers.
 -> (artifact id: 'e37d420f717571f05b23d7a1bece46a2') in 0.068670 seconds
Number of updated asset objects reloaded before import = 0
Number of asset objects unloaded after import = 3
========================================================================
Received Import Request.
  Time since last request: 0.002244 seconds.
  path: Assets/RyulAsset/UI/GUI Pro Kit - Casual Game/PNG/Sprite/Component/Button/Btn_OtherButton_Polygon01.png
  artifactKey: Guid(454a47d5d1cae594e97eddb2380d66bb) Importer(815301076,1909f56bfc062723c751e8b465ee728b)
Start importing Assets/RyulAsset/UI/GUI Pro Kit - Casual Game/PNG/Sprite/Component/Button/Btn_OtherButton_Polygon01.png using Guid(454a47d5d1cae594e97eddb2380d66bb) Importer(815301076,1909f56bfc062723c751e8b465ee728b) [PhysX] Initialized MultithreadedTaskDispatcher with 8 workers.
[PhysX] Initialized MultithreadedTaskDispatcher with 8 workers.
 -> (artifact id: 'c59dce04d5d4fd63761b69ad666909d2') in 0.051018 seconds
Number of updated asset objects reloaded before import = 0
Number of asset objects unloaded after import = 3
========================================================================
Received Import Request.
  Time since last request: 0.000674 seconds.
  path: Assets/RyulAsset/UI/GUI Pro Kit - Casual Game/PNG/Sprite/Component/Button/Btn_OtherButton_Square06.png
  artifactKey: Guid(4a857151d60d3a14e97c7bdf0dbf0e50) Importer(815301076,1909f56bfc062723c751e8b465ee728b)
Start importing Assets/RyulAsset/UI/GUI Pro Kit - Casual Game/PNG/Sprite/Component/Button/Btn_OtherButton_Square06.png using Guid(4a857151d60d3a14e97c7bdf0dbf0e50) Importer(815301076,1909f56bfc062723c751e8b465ee728b) [PhysX] Initialized MultithreadedTaskDispatcher with 8 workers.
[PhysX] Initialized MultithreadedTaskDispatcher with 8 workers.
 -> (artifact id: '4d8b6c6f2547f8c4d973e20931fc8996') in 0.021130 seconds
Number of updated asset objects reloaded before import = 0
Number of asset objects unloaded after import = 3
========================================================================
Received Import Request.
  Time since last request: 0.000100 seconds.
  path: Assets/RyulAsset/UI/GUI Pro Kit - Casual Game/PNG/Sprite/Component/Button/Btn_OtherButton_Polygon02.png
  artifactKey: Guid(92dec287cc3056348ad438bbb40aff48) Importer(815301076,1909f56bfc062723c751e8b465ee728b)
Start importing Assets/RyulAsset/UI/GUI Pro Kit - Casual Game/PNG/Sprite/Component/Button/Btn_OtherButton_Polygon02.png using Guid(92dec287cc3056348ad438bbb40aff48) Importer(815301076,1909f56bfc062723c751e8b465ee728b) [PhysX] Initialized MultithreadedTaskDispatcher with 8 workers.
[PhysX] Initialized MultithreadedTaskDispatcher with 8 workers.
 -> (artifact id: '1ea6a7a1881ee92e869362f147de7892') in 0.017006 seconds
Number of updated asset objects reloaded before import = 0
Number of asset objects unloaded after import = 3
========================================================================
Received Import Request.
  Time since last request: 0.000021 seconds.
  path: Assets/RyulAsset/UI/GUI Pro Kit - Casual Game/PNG/Sprite/Component/Button/Btn_OtherButton_SideButton01_Left.png
  artifactKey: Guid(a7f0fb6e4fe3a524d8b8ab02202ff880) Importer(815301076,1909f56bfc062723c751e8b465ee728b)
Start importing Assets/RyulAsset/UI/GUI Pro Kit - Casual Game/PNG/Sprite/Component/Button/Btn_OtherButton_SideButton01_Left.png using Guid(a7f0fb6e4fe3a524d8b8ab02202ff880) Importer(815301076,1909f56bfc062723c751e8b465ee728b) [PhysX] Initialized MultithreadedTaskDispatcher with 8 workers.
[PhysX] Initialized MultithreadedTaskDispatcher with 8 workers.
 -> (artifact id: '0e1de4399333f230852413ffbe5e9bba') in 0.010865 seconds
Number of updated asset objects reloaded before import = 0
Number of asset objects unloaded after import = 3
========================================================================
Received Import Request.
  Time since last request: 0.000018 seconds.
  path: Assets/RyulAsset/UI/GUI Pro Kit - Casual Game/PNG/Sprite/Component/Button/Btn_OtherButton_Square04.png
  artifactKey: Guid(0125cfb8c73d23342ae9ff77aa9d943c) Importer(815301076,1909f56bfc062723c751e8b465ee728b)
Start importing Assets/RyulAsset/UI/GUI Pro Kit - Casual Game/PNG/Sprite/Component/Button/Btn_OtherButton_Square04.png using Guid(0125cfb8c73d23342ae9ff77aa9d943c) Importer(815301076,1909f56bfc062723c751e8b465ee728b) [PhysX] Initialized MultithreadedTaskDispatcher with 8 workers.
[PhysX] Initialized MultithreadedTaskDispatcher with 8 workers.
 -> (artifact id: '07d1f967eec59272279ee58ee39c6589') in 0.009881 seconds
Number of updated asset objects reloaded before import = 0
Number of asset objects unloaded after import = 3
========================================================================
Received Import Request.
  Time since last request: 0.000026 seconds.
  path: Assets/RyulAsset/UI/GUI Pro Kit - Casual Game/PNG/Sprite/Component/Button/Btn_OtherButton_Hexagon01_Blue.png
  artifactKey: Guid(56c3f753db91a374bb3afa2f936381b8) Importer(815301076,1909f56bfc062723c751e8b465ee728b)
Start importing Assets/RyulAsset/UI/GUI Pro Kit - Casual Game/PNG/Sprite/Component/Button/Btn_OtherButton_Hexagon01_Blue.png using Guid(56c3f753db91a374bb3afa2f936381b8) Importer(815301076,1909f56bfc062723c751e8b465ee728b) [PhysX] Initialized MultithreadedTaskDispatcher with 8 workers.
[PhysX] Initialized MultithreadedTaskDispatcher with 8 workers.
 -> (artifact id: '2537518cbadf980fe495a30861acd578') in 0.013771 seconds
Number of updated asset objects reloaded before import = 0
Number of asset objects unloaded after import = 3
========================================================================
Received Import Request.
  Time since last request: 0.000018 seconds.
  path: Assets/RyulAsset/UI/GUI Pro Kit - Casual Game/PNG/Sprite/Component/Button/Btn_OtherButton_Square03_Purple.png
  artifactKey: Guid(0c3a6ce1a665a00408c7c9146bdd02b1) Importer(815301076,1909f56bfc062723c751e8b465ee728b)
Start importing Assets/RyulAsset/UI/GUI Pro Kit - Casual Game/PNG/Sprite/Component/Button/Btn_OtherButton_Square03_Purple.png using Guid(0c3a6ce1a665a00408c7c9146bdd02b1) Importer(815301076,1909f56bfc062723c751e8b465ee728b) [PhysX] Initialized MultithreadedTaskDispatcher with 8 workers.
[PhysX] Initialized MultithreadedTaskDispatcher with 8 workers.
 -> (artifact id: '2dd26bbfc81f82f293c44fe45b0a7dfa') in 0.016500 seconds
Number of updated asset objects reloaded before import = 0
Number of asset objects unloaded after import = 3
========================================================================
Received Import Request.
  Time since last request: 0.000022 seconds.
  path: Assets/RyulAsset/UI/GUI Pro Kit - Casual Game/PNG/Sprite/Component/Button/Btn_OtherButton_Hexagon01_Red.png
  artifactKey: Guid(4c12a589c62c47b4bb9c88a1482a67d1) Importer(815301076,1909f56bfc062723c751e8b465ee728b)
Start importing Assets/RyulAsset/UI/GUI Pro Kit - Casual Game/PNG/Sprite/Component/Button/Btn_OtherButton_Hexagon01_Red.png using Guid(4c12a589c62c47b4bb9c88a1482a67d1) Importer(815301076,1909f56bfc062723c751e8b465ee728b) [PhysX] Initialized MultithreadedTaskDispatcher with 8 workers.
[PhysX] Initialized MultithreadedTaskDispatcher with 8 workers.
 -> (artifact id: 'faf6d43c2276dc858a7ad6b596e73ef8') in 0.011874 seconds
Number of updated asset objects reloaded before import = 0
Number of asset objects unloaded after import = 3
========================================================================
Received Import Request.
  Time since last request: 0.000022 seconds.
  path: Assets/RyulAsset/UI/GUI Pro Kit - Casual Game/PNG/Sprite/Component/Button/Btn_OtherButton_SideButton02_Right.png
  artifactKey: Guid(86d536dd9134bd1479b82c8cc641e415) Importer(815301076,1909f56bfc062723c751e8b465ee728b)
Start importing Assets/RyulAsset/UI/GUI Pro Kit - Casual Game/PNG/Sprite/Component/Button/Btn_OtherButton_SideButton02_Right.png using Guid(86d536dd9134bd1479b82c8cc641e415) Importer(815301076,1909f56bfc062723c751e8b465ee728b) [PhysX] Initialized MultithreadedTaskDispatcher with 8 workers.
[PhysX] Initialized MultithreadedTaskDispatcher with 8 workers.
 -> (artifact id: '2945f847c67a2abeec2d845f3f2ac112') in 0.010608 seconds
Number of updated asset objects reloaded before import = 0
Number of asset objects unloaded after import = 3
========================================================================
Received Import Request.
  Time since last request: 0.000022 seconds.
  path: Assets/RyulAsset/UI/GUI Pro Kit - Casual Game/PNG/Sprite/Component/Button/Btn_OtherButton_Square01_Yellow.png
  artifactKey: Guid(83da9b2a66bcfd2459619c7f84b6616d) Importer(815301076,1909f56bfc062723c751e8b465ee728b)
Start importing Assets/RyulAsset/UI/GUI Pro Kit - Casual Game/PNG/Sprite/Component/Button/Btn_OtherButton_Square01_Yellow.png using Guid(83da9b2a66bcfd2459619c7f84b6616d) Importer(815301076,1909f56bfc062723c751e8b465ee728b) [PhysX] Initialized MultithreadedTaskDispatcher with 8 workers.
[PhysX] Initialized MultithreadedTaskDispatcher with 8 workers.
 -> (artifact id: '38bf2538bc59219d4fb5ad596ab11494') in 0.011268 seconds
Number of updated asset objects reloaded before import = 0
Number of asset objects unloaded after import = 3
========================================================================
Received Import Request.
  Time since last request: 22.656084 seconds.
  path: Assets/RyulAsset/UI/GUI Pro Kit - Casual Game/PNG/Sprite/Component/Button/Btn_MainButton_Orange.Png
  artifactKey: Guid(2a5ad32102ec27e47a4c68242a0d1739) Importer(815301076,1909f56bfc062723c751e8b465ee728b)
Start importing Assets/RyulAsset/UI/GUI Pro Kit - Casual Game/PNG/Sprite/Component/Button/Btn_MainButton_Orange.Png using Guid(2a5ad32102ec27e47a4c68242a0d1739) Importer(815301076,1909f56bfc062723c751e8b465ee728b) [PhysX] Initialized MultithreadedTaskDispatcher with 8 workers.
[PhysX] Initialized MultithreadedTaskDispatcher with 8 workers.
 -> (artifact id: '706dc29bd78ef48a109c091e679b2019') in 0.050906 seconds
Number of updated asset objects reloaded before import = 0
Number of asset objects unloaded after import = 3
========================================================================
Received Import Request.
  Time since last request: 0.000023 seconds.
  path: Assets/RyulAsset/UI/GUI Pro Kit - Casual Game/PNG/Sprite/Component/Button/Btn_MainButton_White.Png
  artifactKey: Guid(2205e12c9ecaeb3488a327238bf24480) Importer(815301076,1909f56bfc062723c751e8b465ee728b)
Start importing Assets/RyulAsset/UI/GUI Pro Kit - Casual Game/PNG/Sprite/Component/Button/Btn_MainButton_White.Png using Guid(2205e12c9ecaeb3488a327238bf24480) Importer(815301076,1909f56bfc062723c751e8b465ee728b) [PhysX] Initialized MultithreadedTaskDispatcher with 8 workers.
[PhysX] Initialized MultithreadedTaskDispatcher with 8 workers.
 -> (artifact id: 'fa5bffbfdc32ca81a05f53ea38af0405') in 0.026224 seconds
Number of updated asset objects reloaded before import = 0
Number of asset objects unloaded after import = 3
========================================================================
Received Import Request.
  Time since last request: 0.000026 seconds.
  path: Assets/RyulAsset/UI/GUI Pro Kit - Casual Game/PNG/Sprite/Component/Button/Btn_MainButton_Sky.Png
  artifactKey: Guid(1700876831f20f54d8f5b94a2a256989) Importer(815301076,1909f56bfc062723c751e8b465ee728b)
Start importing Assets/RyulAsset/UI/GUI Pro Kit - Casual Game/PNG/Sprite/Component/Button/Btn_MainButton_Sky.Png using Guid(1700876831f20f54d8f5b94a2a256989) Importer(815301076,1909f56bfc062723c751e8b465ee728b) [PhysX] Initialized MultithreadedTaskDispatcher with 8 workers.
[PhysX] Initialized MultithreadedTaskDispatcher with 8 workers.
 -> (artifact id: '99f603c4274dbd9ac7f2a93fc95bc7cf') in 0.013624 seconds
Number of updated asset objects reloaded before import = 0
Number of asset objects unloaded after import = 3
========================================================================
Received Import Request.
  Time since last request: 0.000028 seconds.
  path: Assets/RyulAsset/UI/GUI Pro Kit - Casual Game/PNG/Sprite/Component/Button/Btn_OtherButton_Square07.png
  artifactKey: Guid(564488f3cb600804299e23c6ccf00ce1) Importer(815301076,1909f56bfc062723c751e8b465ee728b)
Start importing Assets/RyulAsset/UI/GUI Pro Kit - Casual Game/PNG/Sprite/Component/Button/Btn_OtherButton_Square07.png using Guid(564488f3cb600804299e23c6ccf00ce1) Importer(815301076,1909f56bfc062723c751e8b465ee728b) [PhysX] Initialized MultithreadedTaskDispatcher with 8 workers.
[PhysX] Initialized MultithreadedTaskDispatcher with 8 workers.
 -> (artifact id: 'd52348072b43373b1628bb42ce71b784') in 0.016590 seconds
Number of updated asset objects reloaded before import = 0
Number of asset objects unloaded after import = 3
========================================================================
Received Import Request.
  Time since last request: 0.000033 seconds.
  path: Assets/RyulAsset/UI/GUI Pro Kit - Casual Game/PNG/Sprite/Component/Button/Btn_OtherButton_Polygon02.png
  artifactKey: Guid(92dec287cc3056348ad438bbb40aff48) Importer(815301076,1909f56bfc062723c751e8b465ee728b)
Start importing Assets/RyulAsset/UI/GUI Pro Kit - Casual Game/PNG/Sprite/Component/Button/Btn_OtherButton_Polygon02.png using Guid(92dec287cc3056348ad438bbb40aff48) Importer(815301076,1909f56bfc062723c751e8b465ee728b) [PhysX] Initialized MultithreadedTaskDispatcher with 8 workers.
[PhysX] Initialized MultithreadedTaskDispatcher with 8 workers.
 -> (artifact id: 'd6c33aa2a3760b4dc8602db94afcade6') in 0.062773 seconds
Number of updated asset objects reloaded before import = 0
Number of asset objects unloaded after import = 3
========================================================================
Received Import Request.
  Time since last request: 0.000021 seconds.
  path: Assets/RyulAsset/UI/GUI Pro Kit - Casual Game/PNG/Sprite/Component/Button/Btn_OtherButton_Square04.png
  artifactKey: Guid(0125cfb8c73d23342ae9ff77aa9d943c) Importer(815301076,1909f56bfc062723c751e8b465ee728b)
Start importing Assets/RyulAsset/UI/GUI Pro Kit - Casual Game/PNG/Sprite/Component/Button/Btn_OtherButton_Square04.png using Guid(0125cfb8c73d23342ae9ff77aa9d943c) Importer(815301076,1909f56bfc062723c751e8b465ee728b) [PhysX] Initialized MultithreadedTaskDispatcher with 8 workers.
[PhysX] Initialized MultithreadedTaskDispatcher with 8 workers.
 -> (artifact id: '05e8010a9d5a8f04001b8002f61ef828') in 0.011913 seconds
Number of updated asset objects reloaded before import = 0
Number of asset objects unloaded after import = 3
========================================================================
Received Import Request.
  Time since last request: 0.000029 seconds.
  path: Assets/RyulAsset/UI/GUI Pro Kit - Casual Game/PNG/Sprite/Component/Button/Btn_OtherButton_Square03_Purple.png
  artifactKey: Guid(0c3a6ce1a665a00408c7c9146bdd02b1) Importer(815301076,1909f56bfc062723c751e8b465ee728b)
Start importing Assets/RyulAsset/UI/GUI Pro Kit - Casual Game/PNG/Sprite/Component/Button/Btn_OtherButton_Square03_Purple.png using Guid(0c3a6ce1a665a00408c7c9146bdd02b1) Importer(815301076,1909f56bfc062723c751e8b465ee728b) [PhysX] Initialized MultithreadedTaskDispatcher with 8 workers.
[PhysX] Initialized MultithreadedTaskDispatcher with 8 workers.
 -> (artifact id: '2a9ae2392f55363aec7f05daaadc1022') in 0.013428 seconds
Number of updated asset objects reloaded before import = 0
Number of asset objects unloaded after import = 3
========================================================================
Received Import Request.
  Time since last request: 0.000028 seconds.
  path: Assets/RyulAsset/UI/GUI Pro Kit - Casual Game/PNG/Sprite/Component/Button/Btn_OtherButton_SideButton02_Right.png
  artifactKey: Guid(86d536dd9134bd1479b82c8cc641e415) Importer(815301076,1909f56bfc062723c751e8b465ee728b)
Start importing Assets/RyulAsset/UI/GUI Pro Kit - Casual Game/PNG/Sprite/Component/Button/Btn_OtherButton_SideButton02_Right.png using Guid(86d536dd9134bd1479b82c8cc641e415) Importer(815301076,1909f56bfc062723c751e8b465ee728b) [PhysX] Initialized MultithreadedTaskDispatcher with 8 workers.
[PhysX] Initialized MultithreadedTaskDispatcher with 8 workers.
 -> (artifact id: '0e433a1b05e14c5dcf37ffc1cd9ed3d5') in 0.015513 seconds
Number of updated asset objects reloaded before import = 0
Number of asset objects unloaded after import = 3
Editor requested this worker to shutdown with reason: Scaling down because of idle timeout
TcpMessagingSession - receive error: operation aborted. errorcode: 995, details:        I/O  .
AssetImportWorker is now disconnected from the server
Process exiting
Exiting without the bug reporter. Application will terminate with return code 0